#
# There is insufficient memory for the Java Runtime Environment to continue.
# Native memory allocation (malloc) failed to allocate 973616 bytes for Chunk::new
# Possible reasons:
#   The system is out of physical RAM or swap space
#   The process is running with CompressedOops enabled, and the Java Heap may be blocking the growth of the native heap
# Possible solutions:
#   Reduce memory load on the system
#   Increase physical memory or swap space
#   Check if swap backing store is full
#   Decrease Java heap size (-Xmx/-Xms)
#   Decrease number of Java threads
#   Decrease Java thread stack sizes (-Xss)
#   Set larger code cache with -XX:ReservedCodeCacheSize=
#   JVM is running with Unscaled Compressed Oops mode in which the Java heap is
#     placed in the first 4GB address space. The Java Heap base address is the
#     maximum limit for the native heap growth. Please use -XX:HeapBaseMinAddress
#     to set the Java Heap base and to place the Java Heap above 4GB virtual address.
# This output file may be truncated or incomplete.
#
#  Out of Memory Error (./src/hotspot/share/memory/arena.cpp:197), pid=12228, tid=2292
#
# JRE version: OpenJDK Runtime Environment (11.0.11+9) (build 11.0.11+9-b60-7590822)
# Java VM: OpenJDK 64-Bit Server VM (11.0.11+9-b60-7590822, mixed mode, tiered, compressed oops, g1 gc, windows-amd64)
# No core dump will be written. Minidumps are not enabled by default on client versions of Windows
#

---------------  S U M M A R Y ------------

Command Line: --add-opens=java.base/java.util=ALL-UNNAMED --add-opens=java.base/java.lang=ALL-UNNAMED --add-opens=java.base/java.lang.invoke=ALL-UNNAMED --add-opens=java.base/java.util=ALL-UNNAMED --add-opens=java.prefs/java.util.prefs=ALL-UNNAMED --add-opens=java.prefs/java.util.prefs=ALL-UNNAMED --add-opens=java.base/java.nio.charset=ALL-UNNAMED --add-opens=java.base/java.net=ALL-UNNAMED --add-opens=java.base/java.util.concurrent.atomic=ALL-UNNAMED -Xmx2048m -Dfile.encoding=UTF-8 -Duser.country=RU -Duser.language=ru -Duser.variant org.gradle.launcher.daemon.bootstrap.GradleDaemon 7.2

Host: Intel(R) Core(TM) i5-7300HQ CPU @ 2.50GHz, 4 cores, 11G,  Windows 10 , 64 bit Build 22000 (10.0.22000.675)
Time: Sat May 21 18:11:32 2022 RTZ 7 (зима) elapsed time: 44.474512 seconds (0d 0h 0m 44s)

---------------  T H R E A D  ---------------

Current thread (0x000002845fbdb800):  JavaThread "C2 CompilerThread0" daemon [_thread_in_native, id=2292, stack(0x0000009acb800000,0x0000009acb900000)]


Current CompileTask:
C2:  44474 14708       4       org.gradle.api.internal.tasks.compile.incremental.serialization.HierarchicalNameSerializer::read (20 bytes)

Stack: [0x0000009acb800000,0x0000009acb900000]
Native frames: (J=compiled Java code, j=interpreted, Vv=VM code, C=native code)
V  [jvm.dll+0x5f214a]
V  [jvm.dll+0x726fb5]
V  [jvm.dll+0x7285cd]
V  [jvm.dll+0x728c83]
V  [jvm.dll+0x243278]
V  [jvm.dll+0xbc53c]
V  [jvm.dll+0xbca3c]
V  [jvm.dll+0x353e7d]
V  [jvm.dll+0x19895c]
V  [jvm.dll+0x1fc2ee]
V  [jvm.dll+0x1fb3d4]
V  [jvm.dll+0x183d6c]
V  [jvm.dll+0x209a57]
V  [jvm.dll+0x2082a1]
V  [jvm.dll+0x6ef58f]
V  [jvm.dll+0x6e80b5]
V  [jvm.dll+0x5f1036]
C  [ucrtbase.dll+0x26c0c]
C  [KERNEL32.DLL+0x154e0]
C  [ntdll.dll+0x485b]


---------------  P R O C E S S  ---------------

Threads class SMR info:
_java_thread_list=0x0000028463b35070, length=97, elements={
0x0000028445782800, 0x000002845f3a0800, 0x000002845f39a800, 0x000002845fbd5000,
0x000002845fbd6000, 0x000002845fbd8000, 0x000002845fbdb800, 0x000002845fbdc800,
0x000002845fc24800, 0x000002845fd88800, 0x0000028460f1d000, 0x0000028460cb2800,
0x000002846116c800, 0x0000028461886800, 0x0000028463153800, 0x00000284627e1800,
0x00000284627e2000, 0x00000284627e4000, 0x00000284627e3000, 0x00000284627e4800,
0x0000028463bdc000, 0x0000028463bdf000, 0x0000028463be1800, 0x0000028463be0000,
0x0000028463be3000, 0x0000028465691000, 0x0000028465692000, 0x0000028465693800,
0x0000028465689000, 0x0000028465687800, 0x000002846568e000, 0x0000028465688000,
0x000002846568f800, 0x000002846568a000, 0x000002846568a800, 0x000002846568e800,
0x000002846568d000, 0x000002846568c000, 0x0000028465690800, 0x000002846568b800,
0x0000028465695000, 0x0000028465694800, 0x0000028465696000, 0x0000028463bdc800,
0x0000028463bdd800, 0x0000028463bde000, 0x0000028463be6800, 0x0000028463be9800,
0x0000028463be4000, 0x0000028463be7000, 0x0000028463be8000, 0x0000028463be9000,
0x0000028463bea800, 0x0000028463be5000, 0x0000028463be5800, 0x00000284627df000,
0x00000284627e5800, 0x00000284627df800, 0x00000284627e0800, 0x0000028465053800,
0x000002846504f800, 0x0000028465050800, 0x0000028465051000, 0x0000028465057000,
0x0000028465056000, 0x0000028465055800, 0x0000028465053000, 0x0000028465058000,
0x0000028465052000, 0x0000028465059800, 0x0000028465054800, 0x000002846505c000,
0x0000028465058800, 0x000002846505a000, 0x000002846505b000, 0x000002846505c800,
0x000002846505d800, 0x000002846505e800, 0x0000028468e23000, 0x0000028468e24800,
0x0000028468e22800, 0x0000028468e25800, 0x0000028468e24000, 0x0000028468e2b800,
0x0000028468e2a800, 0x0000028468e2c000, 0x0000028468e26800, 0x0000028468e27000,
0x0000028468e2d800, 0x0000028468e28000, 0x0000028468e2e800, 0x0000028467b59800,
0x0000028468e29000, 0x0000028468e2f800, 0x0000028468e29800, 0x0000028468e30000,
0x0000028468e31000
}

Java Threads: ( => current thread )
  0x0000028445782800 JavaThread "main" [_thread_blocked, id=9784, stack(0x0000009acac00000,0x0000009acad00000)]
  0x000002845f3a0800 JavaThread "Reference Handler" daemon [_thread_blocked, id=2936, stack(0x0000009acb300000,0x0000009acb400000)]
  0x000002845f39a800 JavaThread "Finalizer" daemon [_thread_blocked, id=18116, stack(0x0000009acb400000,0x0000009acb500000)]
  0x000002845fbd5000 JavaThread "Signal Dispatcher" daemon [_thread_blocked, id=14204, stack(0x0000009acb500000,0x0000009acb600000)]
  0x000002845fbd6000 JavaThread "Attach Listener" daemon [_thread_blocked, id=604, stack(0x0000009acb600000,0x0000009acb700000)]
  0x000002845fbd8000 JavaThread "Service Thread" daemon [_thread_blocked, id=5196, stack(0x0000009acb700000,0x0000009acb800000)]
=>0x000002845fbdb800 JavaThread "C2 CompilerThread0" daemon [_thread_in_native, id=2292, stack(0x0000009acb800000,0x0000009acb900000)]
  0x000002845fbdc800 JavaThread "C1 CompilerThread0" daemon [_thread_blocked, id=14980, stack(0x0000009acb900000,0x0000009acba00000)]
  0x000002845fc24800 JavaThread "Sweeper thread" daemon [_thread_blocked, id=12008, stack(0x0000009acba00000,0x0000009acbb00000)]
  0x000002845fd88800 JavaThread "Common-Cleaner" daemon [_thread_blocked, id=17148, stack(0x0000009acbb00000,0x0000009acbc00000)]
  0x0000028460f1d000 JavaThread "Daemon health stats" [_thread_blocked, id=13648, stack(0x0000009acc100000,0x0000009acc200000)]
  0x0000028460cb2800 JavaThread "Incoming local TCP Connector on port 1493" [_thread_in_native, id=12904, stack(0x0000009acbd00000,0x0000009acbe00000)]
  0x000002846116c800 JavaThread "Daemon periodic checks" [_thread_blocked, id=6008, stack(0x0000009acc300000,0x0000009acc400000)]
  0x0000028461886800 JavaThread "Daemon" [_thread_blocked, id=17512, stack(0x0000009acc400000,0x0000009acc500000)]
  0x0000028463153800 JavaThread "Daemon worker" [_thread_blocked, id=12716, stack(0x0000009acc700000,0x0000009acc800000)]
  0x00000284627e1800 JavaThread "Cache worker for journal cache (C:\Users\worker\.gradle\caches\journal-1)" [_thread_blocked, id=6836, stack(0x0000009accb00000,0x0000009accc00000)]
  0x00000284627e2000 JavaThread "File lock request listener" [_thread_in_native, id=11024, stack(0x0000009accc00000,0x0000009accd00000)]
  0x00000284627e4000 JavaThread "Cache worker for file hash cache (C:\Users\worker\.gradle\caches\7.2\fileHashes)" [_thread_blocked, id=11404, stack(0x0000009accd00000,0x0000009acce00000)]
  0x00000284627e3000 JavaThread "File watcher server" daemon [_thread_in_native, id=13828, stack(0x0000009accf00000,0x0000009acd000000)]
  0x00000284627e4800 JavaThread "File watcher consumer" daemon [_thread_blocked, id=4956, stack(0x0000009acd000000,0x0000009acd100000)]
  0x0000028463bdc000 JavaThread "Cache worker for execution history cache (C:\Users\worker\.gradle\caches\7.2\executionHistory)" [_thread_blocked, id=13884, stack(0x0000009acd400000,0x0000009acd500000)]
  0x0000028463bdf000 JavaThread "jar transforms" [_thread_blocked, id=14240, stack(0x0000009acd500000,0x0000009acd600000)]
  0x0000028463be1800 JavaThread "Cache worker for file content cache (C:\Users\worker\.gradle\caches\7.2\fileContent)" [_thread_blocked, id=4300, stack(0x0000009acd600000,0x0000009acd700000)]
  0x0000028463be0000 JavaThread "jar transforms Thread 2" [_thread_blocked, id=16044, stack(0x0000009acd700000,0x0000009acd800000)]
  0x0000028463be3000 JavaThread "jar transforms Thread 3" [_thread_blocked, id=4556, stack(0x0000009acd900000,0x0000009acda00000)]
  0x0000028465691000 JavaThread "jar transforms Thread 4" [_thread_blocked, id=3896, stack(0x0000009ad0300000,0x0000009ad0400000)]
  0x0000028465692000 JavaThread "Memory manager" [_thread_blocked, id=4904, stack(0x0000009ad0400000,0x0000009ad0500000)]
  0x0000028465693800 JavaThread "pool-3-thread-1" [_thread_blocked, id=17268, stack(0x0000009ad0600000,0x0000009ad0700000)]
  0x0000028465689000 JavaThread "Handler for socket connection from /127.0.0.1:1493 to /127.0.0.1:1517" [_thread_in_native, id=9688, stack(0x0000009acc200000,0x0000009acc300000)]
  0x0000028465687800 JavaThread "Cancel handler" [_thread_blocked, id=13540, stack(0x0000009acc500000,0x0000009acc600000)]
  0x000002846568e000 JavaThread "Asynchronous log dispatcher for DefaultDaemonConnection: socket connection from /127.0.0.1:1493 to /127.0.0.1:1517" [_thread_blocked, id=6312, stack(0x0000009acc600000,0x0000009acc700000)]
  0x0000028465688000 JavaThread "Stdin handler" [_thread_blocked, id=12900, stack(0x0000009acc800000,0x0000009acc900000)]
  0x000002846568f800 JavaThread "Daemon client event forwarder" [_thread_blocked, id=13756, stack(0x0000009acc900000,0x0000009acca00000)]
  0x000002846568a000 JavaThread "Cache worker for file hash cache (C:\Users\worker\AndroidStudioProjects\animalApp\.gradle\7.2\fileHashes)" [_thread_blocked, id=12804, stack(0x0000009acca00000,0x0000009accb00000)]
  0x000002846568a800 JavaThread "Cache worker for checksums cache (C:\Users\worker\AndroidStudioProjects\animalApp\.gradle\checksums)" [_thread_blocked, id=12496, stack(0x0000009acd100000,0x0000009acd200000)]
  0x000002846568e800 JavaThread "Cache worker for cache directory md-supplier (C:\Users\worker\.gradle\caches\7.2\md-supplier)" [_thread_blocked, id=6220, stack(0x0000009acd200000,0x0000009acd300000)]
  0x000002846568d000 JavaThread "Cache worker for cache directory md-rule (C:\Users\worker\.gradle\caches\7.2\md-rule)" [_thread_blocked, id=13268, stack(0x0000009acd300000,0x0000009acd400000)]
  0x000002846568c000 JavaThread "Cache worker for dependencies-accessors (C:\Users\worker\AndroidStudioProjects\animalApp\.gradle\7.2\dependencies-accessors)" [_thread_blocked, id=8656, stack(0x0000009acd800000,0x0000009acd900000)]
  0x0000028465690800 JavaThread "Cache worker for Build Output Cleanup Cache (C:\Users\worker\AndroidStudioProjects\animalApp\.gradle\buildOutputCleanup)" [_thread_blocked, id=3924, stack(0x0000009acda00000,0x0000009acdb00000)]
  0x000002846568b800 JavaThread "Unconstrained build operations" [_thread_blocked, id=2236, stack(0x0000009acdb00000,0x0000009acdc00000)]
  0x0000028465695000 JavaThread "Unconstrained build operations Thread 2" [_thread_blocked, id=11180, stack(0x0000009acdc00000,0x0000009acdd00000)]
  0x0000028465694800 JavaThread "Unconstrained build operations Thread 3" [_thread_blocked, id=15376, stack(0x0000009acdd00000,0x0000009acde00000)]
  0x0000028465696000 JavaThread "Unconstrained build operations Thread 4" [_thread_blocked, id=9168, stack(0x0000009acde00000,0x0000009acdf00000)]
  0x0000028463bdc800 JavaThread "Unconstrained build operations Thread 5" [_thread_blocked, id=17188, stack(0x0000009acdf00000,0x0000009ace000000)]
  0x0000028463bdd800 JavaThread "Unconstrained build operations Thread 6" [_thread_blocked, id=17288, stack(0x0000009ace000000,0x0000009ace100000)]
  0x0000028463bde000 JavaThread "Unconstrained build operations Thread 7" [_thread_blocked, id=17180, stack(0x0000009ace100000,0x0000009ace200000)]
  0x0000028463be6800 JavaThread "Unconstrained build operations Thread 8" [_thread_blocked, id=8088, stack(0x0000009ace200000,0x0000009ace300000)]
  0x0000028463be9800 JavaThread "Unconstrained build operations Thread 9" [_thread_blocked, id=18244, stack(0x0000009ace300000,0x0000009ace400000)]
  0x0000028463be4000 JavaThread "Unconstrained build operations Thread 10" [_thread_blocked, id=2204, stack(0x0000009ace400000,0x0000009ace500000)]
  0x0000028463be7000 JavaThread "Unconstrained build operations Thread 11" [_thread_blocked, id=1952, stack(0x0000009ace500000,0x0000009ace600000)]
  0x0000028463be8000 JavaThread "Unconstrained build operations Thread 12" [_thread_blocked, id=10860, stack(0x0000009ace600000,0x0000009ace700000)]
  0x0000028463be9000 JavaThread "Unconstrained build operations Thread 13" [_thread_blocked, id=5752, stack(0x0000009ace700000,0x0000009ace800000)]
  0x0000028463bea800 JavaThread "Unconstrained build operations Thread 14" [_thread_blocked, id=9452, stack(0x0000009ace800000,0x0000009ace900000)]
  0x0000028463be5000 JavaThread "Unconstrained build operations Thread 15" [_thread_blocked, id=11856, stack(0x0000009ace900000,0x0000009acea00000)]
  0x0000028463be5800 JavaThread "Unconstrained build operations Thread 16" [_thread_blocked, id=6060, stack(0x0000009acea00000,0x0000009aceb00000)]
  0x00000284627df000 JavaThread "Unconstrained build operations Thread 17" [_thread_blocked, id=10120, stack(0x0000009aceb00000,0x0000009acec00000)]
  0x00000284627e5800 JavaThread "Unconstrained build operations Thread 18" [_thread_blocked, id=2496, stack(0x0000009acec00000,0x0000009aced00000)]
  0x00000284627df800 JavaThread "Unconstrained build operations Thread 19" [_thread_blocked, id=3808, stack(0x0000009aced00000,0x0000009acee00000)]
  0x00000284627e0800 JavaThread "Unconstrained build operations Thread 20" [_thread_blocked, id=7392, stack(0x0000009acee00000,0x0000009acef00000)]
  0x0000028465053800 JavaThread "Unconstrained build operations Thread 21" [_thread_blocked, id=14360, stack(0x0000009acef00000,0x0000009acf000000)]
  0x000002846504f800 JavaThread "Unconstrained build operations Thread 22" [_thread_blocked, id=3288, stack(0x0000009acf000000,0x0000009acf100000)]
  0x0000028465050800 JavaThread "Unconstrained build operations Thread 23" [_thread_blocked, id=17436, stack(0x0000009acf100000,0x0000009acf200000)]
  0x0000028465051000 JavaThread "Unconstrained build operations Thread 24" [_thread_blocked, id=3012, stack(0x0000009acf200000,0x0000009acf300000)]
  0x0000028465057000 JavaThread "Unconstrained build operations Thread 25" [_thread_blocked, id=9748, stack(0x0000009acf300000,0x0000009acf400000)]
  0x0000028465056000 JavaThread "Unconstrained build operations Thread 26" [_thread_blocked, id=6996, stack(0x0000009acf400000,0x0000009acf500000)]
  0x0000028465055800 JavaThread "Unconstrained build operations Thread 27" [_thread_blocked, id=10716, stack(0x0000009acf500000,0x0000009acf600000)]
  0x0000028465053000 JavaThread "Unconstrained build operations Thread 28" [_thread_blocked, id=14572, stack(0x0000009acf600000,0x0000009acf700000)]
  0x0000028465058000 JavaThread "Unconstrained build operations Thread 29" [_thread_blocked, id=9792, stack(0x0000009acf700000,0x0000009acf800000)]
  0x0000028465052000 JavaThread "Unconstrained build operations Thread 30" [_thread_blocked, id=7812, stack(0x0000009acf800000,0x0000009acf900000)]
  0x0000028465059800 JavaThread "Unconstrained build operations Thread 31" [_thread_blocked, id=13872, stack(0x0000009acf900000,0x0000009acfa00000)]
  0x0000028465054800 JavaThread "Unconstrained build operations Thread 32" [_thread_blocked, id=18180, stack(0x0000009acfa00000,0x0000009acfb00000)]
  0x000002846505c000 JavaThread "Unconstrained build operations Thread 33" [_thread_blocked, id=148, stack(0x0000009acfb00000,0x0000009acfc00000)]
  0x0000028465058800 JavaThread "Unconstrained build operations Thread 34" [_thread_blocked, id=17796, stack(0x0000009acfc00000,0x0000009acfd00000)]
  0x000002846505a000 JavaThread "Unconstrained build operations Thread 35" [_thread_blocked, id=18272, stack(0x0000009acfd00000,0x0000009acfe00000)]
  0x000002846505b000 JavaThread "Unconstrained build operations Thread 36" [_thread_blocked, id=7200, stack(0x0000009acfe00000,0x0000009acff00000)]
  0x000002846505c800 JavaThread "Unconstrained build operations Thread 37" [_thread_blocked, id=17272, stack(0x0000009acff00000,0x0000009ad0000000)]
  0x000002846505d800 JavaThread "Unconstrained build operations Thread 38" [_thread_blocked, id=10768, stack(0x0000009ad0000000,0x0000009ad0100000)]
  0x000002846505e800 JavaThread "Unconstrained build operations Thread 39" [_thread_blocked, id=9528, stack(0x0000009ad0100000,0x0000009ad0200000)]
  0x0000028468e23000 JavaThread "Unconstrained build operations Thread 40" [_thread_blocked, id=5908, stack(0x0000009ad0200000,0x0000009ad0300000)]
  0x0000028468e24800 JavaThread "build event listener" [_thread_blocked, id=10792, stack(0x0000009ad0700000,0x0000009ad0800000)]
  0x0000028468e22800 JavaThread "pool-7-thread-1" [_thread_blocked, id=1460, stack(0x0000009ad0900000,0x0000009ad0a00000)]
  0x0000028468e25800 JavaThread "build event listener" [_thread_blocked, id=13588, stack(0x0000009ad0a00000,0x0000009ad0b00000)]
  0x0000028468e24000 JavaThread "Execution worker for ':'" [_thread_blocked, id=14340, stack(0x0000009ad0b00000,0x0000009ad0c00000)]
  0x0000028468e2b800 JavaThread "Execution worker for ':' Thread 2" [_thread_blocked, id=17668, stack(0x0000009ad0c00000,0x0000009ad0d00000)]
  0x0000028468e2a800 JavaThread "Execution worker for ':' Thread 3" [_thread_blocked, id=4248, stack(0x0000009ad0d00000,0x0000009ad0e00000)]
  0x0000028468e2c000 JavaThread "Cache worker for execution history cache (C:\Users\worker\AndroidStudioProjects\animalApp\.gradle\7.2\executionHistory)" [_thread_blocked, id=9952, stack(0x0000009ad0e00000,0x0000009ad0f00000)]
  0x0000028468e26800 JavaThread "RMI Scheduler(0)" daemon [_thread_blocked, id=10228, stack(0x0000009acce00000,0x0000009accf00000)]
  0x0000028468e27000 JavaThread "RMI GC Daemon" daemon [_thread_blocked, id=14016, stack(0x0000009ad1000000,0x0000009ad1100000)]
  0x0000028468e2d800 JavaThread "RMI TCP Accept-0" daemon [_thread_in_native, id=13292, stack(0x0000009ad1100000,0x0000009ad1200000)]
  0x0000028468e28000 JavaThread "RMI Reaper" [_thread_blocked, id=6360, stack(0x0000009ad1200000,0x0000009ad1300000)]
  0x0000028468e2e800 JavaThread "RMI TCP Connection(1)-127.0.0.1" daemon [_thread_in_native, id=10216, stack(0x0000009ad1400000,0x0000009ad1500000)]
  0x0000028467b59800 JavaThread "C2 CompilerThread1" daemon [_thread_in_native, id=18012, stack(0x0000009ad1300000,0x0000009ad1400000)]
  0x0000028468e29000 JavaThread "Cache worker for Java compile cache (C:\Users\worker\.gradle\caches\7.2\javaCompile)" [_thread_blocked, id=1200, stack(0x0000009ad1500000,0x0000009ad1600000)]
  0x0000028468e2f800 JavaThread "Build operations" [_thread_blocked, id=9864, stack(0x0000009ad1600000,0x0000009ad1700000)]
  0x0000028468e29800 JavaThread "Build operations Thread 2" [_thread_blocked, id=12236, stack(0x0000009ad1700000,0x0000009ad1800000)]
  0x0000028468e30000 JavaThread "Build operations Thread 3" [_thread_blocked, id=7736, stack(0x0000009ad1800000,0x0000009ad1900000)]
  0x0000028468e31000 JavaThread "Build operations Thread 4" [_thread_blocked, id=18356, stack(0x0000009ad1900000,0x0000009ad1a00000)]

Other Threads:
  0x000002845fbb4000 VMThread "VM Thread" [stack: 0x0000009acb200000,0x0000009acb300000] [id=15344]
  0x000002845fd9b000 WatcherThread [stack: 0x0000009acbc00000,0x0000009acbd00000] [id=7872]
  0x0000028445799800 GCTaskThread "GC Thread#0" [stack: 0x0000009acad00000,0x0000009acae00000] [id=12852]
  0x0000028460916000 GCTaskThread "GC Thread#1" [stack: 0x0000009acbe00000,0x0000009acbf00000] [id=8884]
  0x00000284602b1000 GCTaskThread "GC Thread#2" [stack: 0x0000009acbf00000,0x0000009acc000000] [id=16440]
  0x0000028460665800 GCTaskThread "GC Thread#3" [stack: 0x0000009acc000000,0x0000009acc100000] [id=10536]
  0x00000284457cb800 ConcurrentGCThread "G1 Main Marker" [stack: 0x0000009acae00000,0x0000009acaf00000] [id=9760]
  0x00000284457cd800 ConcurrentGCThread "G1 Conc#0" [stack: 0x0000009acaf00000,0x0000009acb000000] [id=16608]
  0x000002845f1e4800 ConcurrentGCThread "G1 Refine#0" [stack: 0x0000009acb000000,0x0000009acb100000] [id=2116]
  0x000002845f1e5000 ConcurrentGCThread "G1 Young RemSet Sampling" [stack: 0x0000009acb100000,0x0000009acb200000] [id=12916]

Threads with active compile tasks:
C2 CompilerThread0  44515 14708       4       org.gradle.api.internal.tasks.compile.incremental.serialization.HierarchicalNameSerializer::read (20 bytes)
C2 CompilerThread1  44515 14696       4       org.gradle.api.internal.tasks.compile.incremental.serialization.HierarchicalNameSerializer::readName (51 bytes)

VM state:not at safepoint (normal execution)

VM Mutex/Monitor currently owned by a thread: None

Heap address: 0x0000000080000000, size: 2048 MB, Compressed Oops mode: 32-bit
Narrow klass base: 0x0000000000000000, Narrow klass shift: 3
Compressed class space size: 1073741824 Address: 0x0000000100000000

Heap:
 garbage-first heap   total 236544K, used 109460K [0x0000000080000000, 0x0000000100000000)
  region size 1024K, 18 young (18432K), 13 survivors (13312K)
 Metaspace       used 108475K, capacity 111036K, committed 111188K, reserved 1146880K
  class space    used 13518K, capacity 14512K, committed 14592K, reserved 1048576K
Heap Regions: E=young(eden), S=young(survivor), O=old, HS=humongous(starts), HC=humongous(continues), CS=collection set, F=free, A=archive, TAMS=top-at-mark-start (previous, next)
|   0|0x0000000080000000, 0x0000000080100000, 0x0000000080100000|100%| O|  |TAMS 0x0000000080100000, 0x0000000080000000| Untracked 
|   1|0x0000000080100000, 0x0000000080200000, 0x0000000080200000|100%| O|  |TAMS 0x0000000080200000, 0x0000000080100000| Untracked 
|   2|0x0000000080200000, 0x0000000080300000, 0x0000000080300000|100%| O|  |TAMS 0x0000000080300000, 0x0000000080200000| Untracked 
|   3|0x0000000080300000, 0x0000000080400000, 0x0000000080400000|100%|HS|  |TAMS 0x0000000080400000, 0x0000000080300000| Complete 
|   4|0x0000000080400000, 0x0000000080500000, 0x0000000080500000|100%|HC|  |TAMS 0x0000000080500000, 0x0000000080400000| Complete 
|   5|0x0000000080500000, 0x0000000080600000, 0x0000000080600000|100%|HC|  |TAMS 0x0000000080600000, 0x0000000080500000| Complete 
|   6|0x0000000080600000, 0x0000000080700000, 0x0000000080700000|100%| O|  |TAMS 0x0000000080700000, 0x0000000080600000| Untracked 
|   7|0x0000000080700000, 0x0000000080800000, 0x0000000080800000|100%| O|  |TAMS 0x0000000080800000, 0x0000000080700000| Untracked 
|   8|0x0000000080800000, 0x0000000080900000, 0x0000000080900000|100%| O|  |TAMS 0x0000000080900000, 0x0000000080800000| Untracked 
|   9|0x0000000080900000, 0x0000000080a00000, 0x0000000080a00000|100%| O|  |TAMS 0x0000000080a00000, 0x0000000080900000| Untracked 
|  10|0x0000000080a00000, 0x0000000080b00000, 0x0000000080b00000|100%| O|  |TAMS 0x0000000080b00000, 0x0000000080a00000| Untracked 
|  11|0x0000000080b00000, 0x0000000080c00000, 0x0000000080c00000|100%| O|  |TAMS 0x0000000080c00000, 0x0000000080b00000| Untracked 
|  12|0x0000000080c00000, 0x0000000080d00000, 0x0000000080d00000|100%| O|  |TAMS 0x0000000080d00000, 0x0000000080c00000| Untracked 
|  13|0x0000000080d00000, 0x0000000080e00000, 0x0000000080e00000|100%| O|  |TAMS 0x0000000080e00000, 0x0000000080d00000| Untracked 
|  14|0x0000000080e00000, 0x0000000080f00000, 0x0000000080f00000|100%| O|  |TAMS 0x0000000080f00000, 0x0000000080e00000| Untracked 
|  15|0x0000000080f00000, 0x0000000081000000, 0x0000000081000000|100%| O|  |TAMS 0x0000000081000000, 0x0000000080f00000| Untracked 
|  16|0x0000000081000000, 0x0000000081100000, 0x0000000081100000|100%| O|  |TAMS 0x0000000081100000, 0x0000000081000000| Untracked 
|  17|0x0000000081100000, 0x0000000081200000, 0x0000000081200000|100%|HS|  |TAMS 0x0000000081200000, 0x0000000081100000| Complete 
|  18|0x0000000081200000, 0x0000000081300000, 0x0000000081300000|100%| O|  |TAMS 0x0000000081300000, 0x0000000081200000| Untracked 
|  19|0x0000000081300000, 0x0000000081400000, 0x0000000081400000|100%| O|  |TAMS 0x0000000081400000, 0x0000000081300000| Untracked 
|  20|0x0000000081400000, 0x0000000081500000, 0x0000000081500000|100%| O|  |TAMS 0x0000000081500000, 0x0000000081400000| Untracked 
|  21|0x0000000081500000, 0x0000000081600000, 0x0000000081600000|100%| O|  |TAMS 0x0000000081600000, 0x0000000081500000| Untracked 
|  22|0x0000000081600000, 0x0000000081700000, 0x0000000081700000|100%| O|  |TAMS 0x0000000081700000, 0x0000000081600000| Untracked 
|  23|0x0000000081700000, 0x0000000081800000, 0x0000000081800000|100%| O|  |TAMS 0x0000000081800000, 0x0000000081700000| Untracked 
|  24|0x0000000081800000, 0x0000000081900000, 0x0000000081900000|100%|HS|  |TAMS 0x0000000081900000, 0x0000000081800000| Complete 
|  25|0x0000000081900000, 0x0000000081a00000, 0x0000000081a00000|100%|HS|  |TAMS 0x0000000081a00000, 0x0000000081900000| Complete 
|  26|0x0000000081a00000, 0x0000000081b00000, 0x0000000081b00000|100%|HS|  |TAMS 0x0000000081b00000, 0x0000000081a00000| Complete 
|  27|0x0000000081b00000, 0x0000000081c00000, 0x0000000081c00000|100%|HS|  |TAMS 0x0000000081c00000, 0x0000000081b00000| Complete 
|  28|0x0000000081c00000, 0x0000000081d00000, 0x0000000081d00000|100%|HC|  |TAMS 0x0000000081d00000, 0x0000000081c00000| Complete 
|  29|0x0000000081d00000, 0x0000000081e00000, 0x0000000081e00000|100%|HC|  |TAMS 0x0000000081e00000, 0x0000000081d00000| Complete 
|  30|0x0000000081e00000, 0x0000000081f00000, 0x0000000081f00000|100%|HS|  |TAMS 0x0000000081f00000, 0x0000000081e00000| Complete 
|  31|0x0000000081f00000, 0x0000000082000000, 0x0000000082000000|100%|HC|  |TAMS 0x0000000082000000, 0x0000000081f00000| Complete 
|  32|0x0000000082000000, 0x0000000082100000, 0x0000000082100000|100%| O|  |TAMS 0x0000000082100000, 0x0000000082000000| Untracked 
|  33|0x0000000082100000, 0x0000000082200000, 0x0000000082200000|100%| O|  |TAMS 0x0000000082200000, 0x0000000082100000| Untracked 
|  34|0x0000000082200000, 0x0000000082300000, 0x0000000082300000|100%| O|  |TAMS 0x0000000082300000, 0x0000000082200000| Untracked 
|  35|0x0000000082300000, 0x0000000082400000, 0x0000000082400000|100%| O|  |TAMS 0x0000000082400000, 0x0000000082300000| Untracked 
|  36|0x0000000082400000, 0x0000000082500000, 0x0000000082500000|100%| O|  |TAMS 0x0000000082500000, 0x0000000082400000| Untracked 
|  37|0x0000000082500000, 0x0000000082600000, 0x0000000082600000|100%| O|  |TAMS 0x0000000082600000, 0x0000000082500000| Untracked 
|  38|0x0000000082600000, 0x0000000082700000, 0x0000000082700000|100%| O|  |TAMS 0x0000000082600000, 0x0000000082600000| Untracked 
|  39|0x0000000082700000, 0x0000000082800000, 0x0000000082800000|100%| O|  |TAMS 0x0000000082800000, 0x0000000082700000| Untracked 
|  40|0x0000000082800000, 0x0000000082900000, 0x0000000082900000|100%| O|  |TAMS 0x0000000082900000, 0x0000000082800000| Untracked 
|  41|0x0000000082900000, 0x0000000082a00000, 0x0000000082a00000|100%| O|  |TAMS 0x0000000082a00000, 0x0000000082900000| Untracked 
|  42|0x0000000082a00000, 0x0000000082b00000, 0x0000000082b00000|100%| O|  |TAMS 0x0000000082b00000, 0x0000000082a00000| Untracked 
|  43|0x0000000082b00000, 0x0000000082c00000, 0x0000000082c00000|100%| O|  |TAMS 0x0000000082c00000, 0x0000000082b00000| Untracked 
|  44|0x0000000082c00000, 0x0000000082d00000, 0x0000000082d00000|100%| O|  |TAMS 0x0000000082d00000, 0x0000000082c00000| Untracked 
|  45|0x0000000082d00000, 0x0000000082e00000, 0x0000000082e00000|100%| O|  |TAMS 0x0000000082e00000, 0x0000000082d00000| Untracked 
|  46|0x0000000082e00000, 0x0000000082f00000, 0x0000000082f00000|100%| O|  |TAMS 0x0000000082f00000, 0x0000000082e00000| Untracked 
|  47|0x0000000082f00000, 0x0000000083000000, 0x0000000083000000|100%| O|  |TAMS 0x0000000083000000, 0x0000000082f00000| Untracked 
|  48|0x0000000083000000, 0x0000000083100000, 0x0000000083100000|100%| O|  |TAMS 0x0000000083100000, 0x0000000083000000| Untracked 
|  49|0x0000000083100000, 0x0000000083200000, 0x0000000083200000|100%| O|  |TAMS 0x0000000083200000, 0x0000000083100000| Untracked 
|  50|0x0000000083200000, 0x0000000083300000, 0x0000000083300000|100%| O|  |TAMS 0x0000000083300000, 0x0000000083200000| Untracked 
|  51|0x0000000083300000, 0x0000000083400000, 0x0000000083400000|100%| O|  |TAMS 0x0000000083400000, 0x0000000083300000| Untracked 
|  52|0x0000000083400000, 0x0000000083500000, 0x0000000083500000|100%| O|  |TAMS 0x0000000083500000, 0x0000000083400000| Untracked 
|  53|0x0000000083500000, 0x0000000083600000, 0x0000000083600000|100%| O|  |TAMS 0x000000008353d600, 0x0000000083500000| Untracked 
|  54|0x0000000083600000, 0x0000000083700000, 0x0000000083700000|100%| O|  |TAMS 0x0000000083600000, 0x0000000083600000| Untracked 
|  55|0x0000000083700000, 0x0000000083800000, 0x0000000083800000|100%| O|  |TAMS 0x0000000083700000, 0x0000000083700000| Untracked 
|  56|0x0000000083800000, 0x0000000083900000, 0x0000000083900000|100%| O|  |TAMS 0x0000000083800000, 0x0000000083800000| Untracked 
|  57|0x0000000083900000, 0x0000000083a00000, 0x0000000083a00000|100%| O|  |TAMS 0x0000000083900000, 0x0000000083900000| Untracked 
|  58|0x0000000083a00000, 0x0000000083b00000, 0x0000000083b00000|100%| O|  |TAMS 0x0000000083a00000, 0x0000000083a00000| Untracked 
|  59|0x0000000083b00000, 0x0000000083c00000, 0x0000000083c00000|100%| O|  |TAMS 0x0000000083b00000, 0x0000000083b00000| Untracked 
|  60|0x0000000083c00000, 0x0000000083d00000, 0x0000000083d00000|100%| O|  |TAMS 0x0000000083c00000, 0x0000000083c00000| Untracked 
|  61|0x0000000083d00000, 0x0000000083e00000, 0x0000000083e00000|100%| O|  |TAMS 0x0000000083d00000, 0x0000000083d00000| Untracked 
|  62|0x0000000083e00000, 0x0000000083f00000, 0x0000000083f00000|100%| O|  |TAMS 0x0000000083e00000, 0x0000000083e00000| Untracked 
|  63|0x0000000083f00000, 0x0000000084000000, 0x0000000084000000|100%| O|  |TAMS 0x0000000083f00000, 0x0000000083f00000| Untracked 
|  64|0x0000000084000000, 0x0000000084100000, 0x0000000084100000|100%| O|  |TAMS 0x0000000084000000, 0x0000000084000000| Untracked 
|  65|0x0000000084100000, 0x0000000084200000, 0x0000000084200000|100%| O|  |TAMS 0x0000000084100000, 0x0000000084100000| Untracked 
|  66|0x0000000084200000, 0x0000000084300000, 0x0000000084300000|100%| O|  |TAMS 0x0000000084200000, 0x0000000084200000| Untracked 
|  67|0x0000000084300000, 0x0000000084400000, 0x0000000084400000|100%| O|  |TAMS 0x0000000084300000, 0x0000000084300000| Untracked 
|  68|0x0000000084400000, 0x0000000084500000, 0x0000000084500000|100%| O|  |TAMS 0x0000000084400000, 0x0000000084400000| Untracked 
|  69|0x0000000084500000, 0x0000000084600000, 0x0000000084600000|100%| O|  |TAMS 0x0000000084500000, 0x0000000084500000| Untracked 
|  70|0x0000000084600000, 0x0000000084700000, 0x0000000084700000|100%| O|  |TAMS 0x0000000084600000, 0x0000000084600000| Untracked 
|  71|0x0000000084700000, 0x0000000084800000, 0x0000000084800000|100%| O|  |TAMS 0x0000000084700000, 0x0000000084700000| Untracked 
|  72|0x0000000084800000, 0x0000000084900000, 0x0000000084900000|100%| O|  |TAMS 0x0000000084800000, 0x0000000084800000| Untracked 
|  73|0x0000000084900000, 0x0000000084a00000, 0x0000000084a00000|100%| O|  |TAMS 0x0000000084900000, 0x0000000084900000| Untracked 
|  74|0x0000000084a00000, 0x0000000084ae5200, 0x0000000084b00000| 89%| O|  |TAMS 0x0000000084a00000, 0x0000000084a00000| Untracked 
|  75|0x0000000084b00000, 0x0000000084b00000, 0x0000000084c00000|  0%| F|  |TAMS 0x0000000084b00000, 0x0000000084b00000| Untracked 
|  76|0x0000000084c00000, 0x0000000084c00000, 0x0000000084d00000|  0%| F|  |TAMS 0x0000000084c00000, 0x0000000084c00000| Untracked 
|  77|0x0000000084d00000, 0x0000000084d00000, 0x0000000084e00000|  0%| F|  |TAMS 0x0000000084d00000, 0x0000000084d00000| Untracked 
|  78|0x0000000084e00000, 0x0000000084e00000, 0x0000000084f00000|  0%| F|  |TAMS 0x0000000084e00000, 0x0000000084e00000| Untracked 
|  79|0x0000000084f00000, 0x0000000085000000, 0x0000000085000000|100%| O|  |TAMS 0x0000000084f00000, 0x0000000084f00000| Untracked 
|  80|0x0000000085000000, 0x0000000085100000, 0x0000000085100000|100%| O|  |TAMS 0x0000000085000000, 0x0000000085000000| Untracked 
|  81|0x0000000085100000, 0x0000000085200000, 0x0000000085200000|100%| O|  |TAMS 0x0000000085100000, 0x0000000085100000| Untracked 
|  82|0x0000000085200000, 0x0000000085300000, 0x0000000085300000|100%| O|  |TAMS 0x0000000085200000, 0x0000000085200000| Untracked 
|  83|0x0000000085300000, 0x0000000085400000, 0x0000000085400000|100%| O|  |TAMS 0x0000000085300000, 0x0000000085300000| Untracked 
|  84|0x0000000085400000, 0x0000000085500000, 0x0000000085500000|100%| O|  |TAMS 0x0000000085400000, 0x0000000085400000| Untracked 
|  85|0x0000000085500000, 0x0000000085600000, 0x0000000085600000|100%| O|  |TAMS 0x0000000085500000, 0x0000000085500000| Untracked 
|  86|0x0000000085600000, 0x0000000085700000, 0x0000000085700000|100%| O|  |TAMS 0x0000000085600000, 0x0000000085600000| Untracked 
|  87|0x0000000085700000, 0x0000000085800000, 0x0000000085800000|100%| O|  |TAMS 0x0000000085700000, 0x0000000085700000| Untracked 
|  88|0x0000000085800000, 0x0000000085900000, 0x0000000085900000|100%| O|  |TAMS 0x0000000085800000, 0x0000000085800000| Untracked 
|  89|0x0000000085900000, 0x0000000085a00000, 0x0000000085a00000|100%| O|  |TAMS 0x0000000085900000, 0x0000000085900000| Untracked 
|  90|0x0000000085a00000, 0x0000000085b00000, 0x0000000085b00000|100%| O|  |TAMS 0x0000000085a00000, 0x0000000085a00000| Untracked 
|  91|0x0000000085b00000, 0x0000000085c00000, 0x0000000085c00000|100%| O|  |TAMS 0x0000000085b00000, 0x0000000085b00000| Untracked 
|  92|0x0000000085c00000, 0x0000000085d00000, 0x0000000085d00000|100%| O|  |TAMS 0x0000000085c00000, 0x0000000085c00000| Untracked 
|  93|0x0000000085d00000, 0x0000000085e00000, 0x0000000085e00000|100%| O|  |TAMS 0x0000000085d00000, 0x0000000085d00000| Untracked 
|  94|0x0000000085e00000, 0x0000000085f00000, 0x0000000085f00000|100%| O|  |TAMS 0x0000000085e00000, 0x0000000085e00000| Untracked 
|  95|0x0000000085f00000, 0x0000000085f00000, 0x0000000086000000|  0%| F|  |TAMS 0x0000000085f00000, 0x0000000085f00000| Untracked 
|  96|0x0000000086000000, 0x0000000086000000, 0x0000000086100000|  0%| F|  |TAMS 0x0000000086000000, 0x0000000086000000| Untracked 
|  97|0x0000000086100000, 0x0000000086100000, 0x0000000086200000|  0%| F|  |TAMS 0x0000000086100000, 0x0000000086100000| Untracked 
|  98|0x0000000086200000, 0x0000000086200000, 0x0000000086300000|  0%| F|  |TAMS 0x0000000086200000, 0x0000000086200000| Untracked 
|  99|0x0000000086300000, 0x0000000086300000, 0x0000000086400000|  0%| F|  |TAMS 0x0000000086300000, 0x0000000086300000| Untracked 
| 100|0x0000000086400000, 0x0000000086400000, 0x0000000086500000|  0%| F|  |TAMS 0x0000000086400000, 0x0000000086400000| Untracked 
| 101|0x0000000086500000, 0x0000000086500000, 0x0000000086600000|  0%| F|  |TAMS 0x0000000086500000, 0x0000000086500000| Untracked 
| 102|0x0000000086600000, 0x0000000086600000, 0x0000000086700000|  0%| F|  |TAMS 0x0000000086600000, 0x0000000086600000| Untracked 
| 103|0x0000000086700000, 0x0000000086700000, 0x0000000086800000|  0%| F|  |TAMS 0x0000000086700000, 0x0000000086700000| Untracked 
| 104|0x0000000086800000, 0x0000000086800000, 0x0000000086900000|  0%| F|  |TAMS 0x0000000086800000, 0x0000000086800000| Untracked 
| 105|0x0000000086900000, 0x0000000086900000, 0x0000000086a00000|  0%| F|  |TAMS 0x0000000086900000, 0x0000000086900000| Untracked 
| 106|0x0000000086a00000, 0x0000000086a00000, 0x0000000086b00000|  0%| F|  |TAMS 0x0000000086a00000, 0x0000000086a00000| Untracked 
| 107|0x0000000086b00000, 0x0000000086b00000, 0x0000000086c00000|  0%| F|  |TAMS 0x0000000086b00000, 0x0000000086b00000| Untracked 
| 108|0x0000000086c00000, 0x0000000086c00000, 0x0000000086d00000|  0%| F|  |TAMS 0x0000000086c00000, 0x0000000086c00000| Untracked 
| 109|0x0000000086d00000, 0x0000000086d00000, 0x0000000086e00000|  0%| F|  |TAMS 0x0000000086d00000, 0x0000000086d00000| Untracked 
| 110|0x0000000086e00000, 0x0000000086e00000, 0x0000000086f00000|  0%| F|  |TAMS 0x0000000086e00000, 0x0000000086e00000| Untracked 
| 111|0x0000000086f00000, 0x0000000086f00000, 0x0000000087000000|  0%| F|  |TAMS 0x0000000086f00000, 0x0000000086f00000| Untracked 
| 112|0x0000000087000000, 0x0000000087000000, 0x0000000087100000|  0%| F|  |TAMS 0x0000000087000000, 0x0000000087000000| Untracked 
| 113|0x0000000087100000, 0x0000000087100000, 0x0000000087200000|  0%| F|  |TAMS 0x0000000087100000, 0x0000000087100000| Untracked 
| 114|0x0000000087200000, 0x0000000087200000, 0x0000000087300000|  0%| F|  |TAMS 0x0000000087200000, 0x0000000087200000| Untracked 
| 115|0x0000000087300000, 0x0000000087300000, 0x0000000087400000|  0%| F|  |TAMS 0x0000000087300000, 0x0000000087300000| Untracked 
| 116|0x0000000087400000, 0x0000000087500000, 0x0000000087500000|100%| S|CS|TAMS 0x0000000087400000, 0x0000000087400000| Complete 
| 117|0x0000000087500000, 0x0000000087600000, 0x0000000087600000|100%| S|CS|TAMS 0x0000000087500000, 0x0000000087500000| Complete 
| 118|0x0000000087600000, 0x0000000087700000, 0x0000000087700000|100%| S|CS|TAMS 0x0000000087600000, 0x0000000087600000| Complete 
| 119|0x0000000087700000, 0x0000000087700000, 0x0000000087800000|  0%| F|  |TAMS 0x0000000087700000, 0x0000000087700000| Untracked 
| 120|0x0000000087800000, 0x0000000087800000, 0x0000000087900000|  0%| F|  |TAMS 0x0000000087800000, 0x0000000087800000| Untracked 
| 121|0x0000000087900000, 0x0000000087900000, 0x0000000087a00000|  0%| F|  |TAMS 0x0000000087900000, 0x0000000087900000| Untracked 
| 122|0x0000000087a00000, 0x0000000087a00000, 0x0000000087b00000|  0%| F|  |TAMS 0x0000000087a00000, 0x0000000087a00000| Untracked 
| 123|0x0000000087b00000, 0x0000000087b00000, 0x0000000087c00000|  0%| F|  |TAMS 0x0000000087b00000, 0x0000000087b00000| Untracked 
| 124|0x0000000087c00000, 0x0000000087c00000, 0x0000000087d00000|  0%| F|  |TAMS 0x0000000087c00000, 0x0000000087c00000| Untracked 
| 125|0x0000000087d00000, 0x0000000087e00000, 0x0000000087e00000|100%| S|CS|TAMS 0x0000000087d00000, 0x0000000087d00000| Complete 
| 126|0x0000000087e00000, 0x0000000087f00000, 0x0000000087f00000|100%| S|CS|TAMS 0x0000000087e00000, 0x0000000087e00000| Complete 
| 127|0x0000000087f00000, 0x0000000088000000, 0x0000000088000000|100%| S|CS|TAMS 0x0000000087f00000, 0x0000000087f00000| Complete 
| 128|0x0000000088000000, 0x0000000088100000, 0x0000000088100000|100%| S|CS|TAMS 0x0000000088000000, 0x0000000088000000| Complete 
| 129|0x0000000088100000, 0x0000000088200000, 0x0000000088200000|100%| S|CS|TAMS 0x0000000088100000, 0x0000000088100000| Complete 
| 130|0x0000000088200000, 0x0000000088300000, 0x0000000088300000|100%| S|CS|TAMS 0x0000000088200000, 0x0000000088200000| Complete 
| 131|0x0000000088300000, 0x0000000088400000, 0x0000000088400000|100%| S|CS|TAMS 0x0000000088300000, 0x0000000088300000| Complete 
| 132|0x0000000088400000, 0x0000000088400000, 0x0000000088500000|  0%| F|  |TAMS 0x0000000088400000, 0x0000000088400000| Untracked 
| 133|0x0000000088500000, 0x0000000088500000, 0x0000000088600000|  0%| F|  |TAMS 0x0000000088500000, 0x0000000088500000| Untracked 
| 134|0x0000000088600000, 0x0000000088600000, 0x0000000088700000|  0%| F|  |TAMS 0x0000000088600000, 0x0000000088600000| Untracked 
| 135|0x0000000088700000, 0x0000000088700000, 0x0000000088800000|  0%| F|  |TAMS 0x0000000088700000, 0x0000000088700000| Untracked 
| 136|0x0000000088800000, 0x0000000088800000, 0x0000000088900000|  0%| F|  |TAMS 0x0000000088800000, 0x0000000088800000| Untracked 
| 137|0x0000000088900000, 0x0000000088a00000, 0x0000000088a00000|100%| S|CS|TAMS 0x0000000088900000, 0x0000000088900000| Complete 
| 138|0x0000000088a00000, 0x0000000088b00000, 0x0000000088b00000|100%| S|CS|TAMS 0x0000000088a00000, 0x0000000088a00000| Complete 
| 139|0x0000000088b00000, 0x0000000088c00000, 0x0000000088c00000|100%| S|CS|TAMS 0x0000000088b00000, 0x0000000088b00000| Complete 
| 140|0x0000000088c00000, 0x0000000088c00000, 0x0000000088d00000|  0%| F|  |TAMS 0x0000000088c00000, 0x0000000088c00000| Untracked 
| 141|0x0000000088d00000, 0x0000000088d00000, 0x0000000088e00000|  0%| F|  |TAMS 0x0000000088d00000, 0x0000000088d00000| Untracked 
| 142|0x0000000088e00000, 0x0000000088e00000, 0x0000000088f00000|  0%| F|  |TAMS 0x0000000088e00000, 0x0000000088e00000| Untracked 
| 143|0x0000000088f00000, 0x0000000088f00000, 0x0000000089000000|  0%| F|  |TAMS 0x0000000088f00000, 0x0000000088f00000| Untracked 
| 144|0x0000000089000000, 0x0000000089000000, 0x0000000089100000|  0%| F|  |TAMS 0x0000000089000000, 0x0000000089000000| Untracked 
| 145|0x0000000089100000, 0x0000000089100000, 0x0000000089200000|  0%| F|  |TAMS 0x0000000089100000, 0x0000000089100000| Untracked 
| 146|0x0000000089200000, 0x0000000089200000, 0x0000000089300000|  0%| F|  |TAMS 0x0000000089200000, 0x0000000089200000| Untracked 
| 147|0x0000000089300000, 0x0000000089300000, 0x0000000089400000|  0%| F|  |TAMS 0x0000000089300000, 0x0000000089300000| Untracked 
| 148|0x0000000089400000, 0x0000000089400000, 0x0000000089500000|  0%| F|  |TAMS 0x0000000089400000, 0x0000000089400000| Untracked 
| 149|0x0000000089500000, 0x0000000089500000, 0x0000000089600000|  0%| F|  |TAMS 0x0000000089500000, 0x0000000089500000| Untracked 
| 150|0x0000000089600000, 0x0000000089600000, 0x0000000089700000|  0%| F|  |TAMS 0x0000000089600000, 0x0000000089600000| Untracked 
| 151|0x0000000089700000, 0x0000000089700000, 0x0000000089800000|  0%| F|  |TAMS 0x0000000089700000, 0x0000000089700000| Untracked 
| 152|0x0000000089800000, 0x0000000089800000, 0x0000000089900000|  0%| F|  |TAMS 0x0000000089800000, 0x0000000089800000| Untracked 
| 153|0x0000000089900000, 0x0000000089900000, 0x0000000089a00000|  0%| F|  |TAMS 0x0000000089900000, 0x0000000089900000| Untracked 
| 154|0x0000000089a00000, 0x0000000089a00000, 0x0000000089b00000|  0%| F|  |TAMS 0x0000000089a00000, 0x0000000089a00000| Untracked 
| 155|0x0000000089b00000, 0x0000000089b00000, 0x0000000089c00000|  0%| F|  |TAMS 0x0000000089b00000, 0x0000000089b00000| Untracked 
| 156|0x0000000089c00000, 0x0000000089c00000, 0x0000000089d00000|  0%| F|  |TAMS 0x0000000089c00000, 0x0000000089c00000| Untracked 
| 157|0x0000000089d00000, 0x0000000089d00000, 0x0000000089e00000|  0%| F|  |TAMS 0x0000000089d00000, 0x0000000089d00000| Untracked 
| 158|0x0000000089e00000, 0x0000000089e00000, 0x0000000089f00000|  0%| F|  |TAMS 0x0000000089e00000, 0x0000000089e00000| Untracked 
| 159|0x0000000089f00000, 0x0000000089f00000, 0x000000008a000000|  0%| F|  |TAMS 0x0000000089f00000, 0x0000000089f00000| Untracked 
| 160|0x000000008a000000, 0x000000008a000000, 0x000000008a100000|  0%| F|  |TAMS 0x000000008a000000, 0x000000008a000000| Untracked 
| 161|0x000000008a100000, 0x000000008a100000, 0x000000008a200000|  0%| F|  |TAMS 0x000000008a100000, 0x000000008a100000| Untracked 
| 162|0x000000008a200000, 0x000000008a200000, 0x000000008a300000|  0%| F|  |TAMS 0x000000008a200000, 0x000000008a200000| Untracked 
| 163|0x000000008a300000, 0x000000008a300000, 0x000000008a400000|  0%| F|  |TAMS 0x000000008a300000, 0x000000008a300000| Untracked 
| 164|0x000000008a400000, 0x000000008a400000, 0x000000008a500000|  0%| F|  |TAMS 0x000000008a400000, 0x000000008a400000| Untracked 
| 165|0x000000008a500000, 0x000000008a500000, 0x000000008a600000|  0%| F|  |TAMS 0x000000008a500000, 0x000000008a500000| Untracked 
| 166|0x000000008a600000, 0x000000008a600000, 0x000000008a700000|  0%| F|  |TAMS 0x000000008a600000, 0x000000008a600000| Untracked 
| 167|0x000000008a700000, 0x000000008a700000, 0x000000008a800000|  0%| F|  |TAMS 0x000000008a700000, 0x000000008a700000| Untracked 
| 168|0x000000008a800000, 0x000000008a800000, 0x000000008a900000|  0%| F|  |TAMS 0x000000008a800000, 0x000000008a800000| Untracked 
| 169|0x000000008a900000, 0x000000008a900000, 0x000000008aa00000|  0%| F|  |TAMS 0x000000008a900000, 0x000000008a900000| Untracked 
| 170|0x000000008aa00000, 0x000000008aa00000, 0x000000008ab00000|  0%| F|  |TAMS 0x000000008aa00000, 0x000000008aa00000| Untracked 
| 171|0x000000008ab00000, 0x000000008ab00000, 0x000000008ac00000|  0%| F|  |TAMS 0x000000008ab00000, 0x000000008ab00000| Untracked 
| 172|0x000000008ac00000, 0x000000008ac00000, 0x000000008ad00000|  0%| F|  |TAMS 0x000000008ac00000, 0x000000008ac00000| Untracked 
| 173|0x000000008ad00000, 0x000000008ad00000, 0x000000008ae00000|  0%| F|  |TAMS 0x000000008ad00000, 0x000000008ad00000| Untracked 
| 174|0x000000008ae00000, 0x000000008ae00000, 0x000000008af00000|  0%| F|  |TAMS 0x000000008ae00000, 0x000000008ae00000| Untracked 
| 175|0x000000008af00000, 0x000000008af00000, 0x000000008b000000|  0%| F|  |TAMS 0x000000008af00000, 0x000000008af00000| Untracked 
| 176|0x000000008b000000, 0x000000008b000000, 0x000000008b100000|  0%| F|  |TAMS 0x000000008b000000, 0x000000008b000000| Untracked 
| 177|0x000000008b100000, 0x000000008b100000, 0x000000008b200000|  0%| F|  |TAMS 0x000000008b100000, 0x000000008b100000| Untracked 
| 178|0x000000008b200000, 0x000000008b200000, 0x000000008b300000|  0%| F|  |TAMS 0x000000008b200000, 0x000000008b200000| Untracked 
| 179|0x000000008b300000, 0x000000008b300000, 0x000000008b400000|  0%| F|  |TAMS 0x000000008b300000, 0x000000008b300000| Untracked 
| 180|0x000000008b400000, 0x000000008b400000, 0x000000008b500000|  0%| F|  |TAMS 0x000000008b400000, 0x000000008b400000| Untracked 
| 181|0x000000008b500000, 0x000000008b500000, 0x000000008b600000|  0%| F|  |TAMS 0x000000008b500000, 0x000000008b500000| Untracked 
| 182|0x000000008b600000, 0x000000008b600000, 0x000000008b700000|  0%| F|  |TAMS 0x000000008b600000, 0x000000008b600000| Untracked 
| 183|0x000000008b700000, 0x000000008b700000, 0x000000008b800000|  0%| F|  |TAMS 0x000000008b700000, 0x000000008b700000| Untracked 
| 184|0x000000008b800000, 0x000000008b800000, 0x000000008b900000|  0%| F|  |TAMS 0x000000008b800000, 0x000000008b800000| Untracked 
| 185|0x000000008b900000, 0x000000008b900000, 0x000000008ba00000|  0%| F|  |TAMS 0x000000008b900000, 0x000000008b900000| Untracked 
| 186|0x000000008ba00000, 0x000000008ba00000, 0x000000008bb00000|  0%| F|  |TAMS 0x000000008ba00000, 0x000000008ba00000| Untracked 
| 187|0x000000008bb00000, 0x000000008bb00000, 0x000000008bc00000|  0%| F|  |TAMS 0x000000008bb00000, 0x000000008bb00000| Untracked 
| 188|0x000000008bc00000, 0x000000008bc00000, 0x000000008bd00000|  0%| F|  |TAMS 0x000000008bc00000, 0x000000008bc00000| Untracked 
| 189|0x000000008bd00000, 0x000000008bd00000, 0x000000008be00000|  0%| F|  |TAMS 0x000000008bd00000, 0x000000008bd00000| Untracked 
| 190|0x000000008be00000, 0x000000008be00000, 0x000000008bf00000|  0%| F|  |TAMS 0x000000008be00000, 0x000000008be00000| Untracked 
| 191|0x000000008bf00000, 0x000000008bf00000, 0x000000008c000000|  0%| F|  |TAMS 0x000000008bf00000, 0x000000008bf00000| Untracked 
| 192|0x000000008c000000, 0x000000008c000000, 0x000000008c100000|  0%| F|  |TAMS 0x000000008c000000, 0x000000008c000000| Untracked 
| 193|0x000000008c100000, 0x000000008c100000, 0x000000008c200000|  0%| F|  |TAMS 0x000000008c100000, 0x000000008c100000| Untracked 
| 194|0x000000008c200000, 0x000000008c200000, 0x000000008c300000|  0%| F|  |TAMS 0x000000008c200000, 0x000000008c200000| Untracked 
| 195|0x000000008c300000, 0x000000008c300000, 0x000000008c400000|  0%| F|  |TAMS 0x000000008c300000, 0x000000008c300000| Untracked 
| 196|0x000000008c400000, 0x000000008c400000, 0x000000008c500000|  0%| F|  |TAMS 0x000000008c400000, 0x000000008c400000| Untracked 
| 197|0x000000008c500000, 0x000000008c500000, 0x000000008c600000|  0%| F|  |TAMS 0x000000008c500000, 0x000000008c500000| Untracked 
| 198|0x000000008c600000, 0x000000008c600000, 0x000000008c700000|  0%| F|  |TAMS 0x000000008c600000, 0x000000008c600000| Untracked 
| 199|0x000000008c700000, 0x000000008c700000, 0x000000008c800000|  0%| F|  |TAMS 0x000000008c700000, 0x000000008c700000| Untracked 
| 200|0x000000008c800000, 0x000000008c800000, 0x000000008c900000|  0%| F|  |TAMS 0x000000008c800000, 0x000000008c800000| Untracked 
| 201|0x000000008c900000, 0x000000008c900000, 0x000000008ca00000|  0%| F|  |TAMS 0x000000008c900000, 0x000000008c900000| Untracked 
| 202|0x000000008ca00000, 0x000000008ca00000, 0x000000008cb00000|  0%| F|  |TAMS 0x000000008ca00000, 0x000000008ca00000| Untracked 
| 203|0x000000008cb00000, 0x000000008cb00000, 0x000000008cc00000|  0%| F|  |TAMS 0x000000008cb00000, 0x000000008cb00000| Untracked 
| 204|0x000000008cc00000, 0x000000008cc00000, 0x000000008cd00000|  0%| F|  |TAMS 0x000000008cc00000, 0x000000008cc00000| Untracked 
| 205|0x000000008cd00000, 0x000000008cd00000, 0x000000008ce00000|  0%| F|  |TAMS 0x000000008cd00000, 0x000000008cd00000| Untracked 
| 206|0x000000008ce00000, 0x000000008ce00000, 0x000000008cf00000|  0%| F|  |TAMS 0x000000008ce00000, 0x000000008ce00000| Untracked 
| 207|0x000000008cf00000, 0x000000008cf00000, 0x000000008d000000|  0%| F|  |TAMS 0x000000008cf00000, 0x000000008cf00000| Untracked 
| 208|0x000000008d000000, 0x000000008d000000, 0x000000008d100000|  0%| F|  |TAMS 0x000000008d000000, 0x000000008d000000| Untracked 
| 209|0x000000008d100000, 0x000000008d100000, 0x000000008d200000|  0%| F|  |TAMS 0x000000008d100000, 0x000000008d100000| Untracked 
| 210|0x000000008d200000, 0x000000008d200000, 0x000000008d300000|  0%| F|  |TAMS 0x000000008d200000, 0x000000008d200000| Untracked 
| 211|0x000000008d300000, 0x000000008d300000, 0x000000008d400000|  0%| F|  |TAMS 0x000000008d300000, 0x000000008d300000| Untracked 
| 212|0x000000008d400000, 0x000000008d400000, 0x000000008d500000|  0%| F|  |TAMS 0x000000008d400000, 0x000000008d400000| Untracked 
| 213|0x000000008d500000, 0x000000008d500000, 0x000000008d600000|  0%| F|  |TAMS 0x000000008d500000, 0x000000008d500000| Untracked 
| 214|0x000000008d600000, 0x000000008d600000, 0x000000008d700000|  0%| F|  |TAMS 0x000000008d600000, 0x000000008d600000| Untracked 
| 215|0x000000008d700000, 0x000000008d700000, 0x000000008d800000|  0%| F|  |TAMS 0x000000008d700000, 0x000000008d700000| Untracked 
| 216|0x000000008d800000, 0x000000008d800000, 0x000000008d900000|  0%| F|  |TAMS 0x000000008d800000, 0x000000008d800000| Untracked 
| 217|0x000000008d900000, 0x000000008d900000, 0x000000008da00000|  0%| F|  |TAMS 0x000000008d900000, 0x000000008d900000| Untracked 
| 218|0x000000008da00000, 0x000000008da00000, 0x000000008db00000|  0%| F|  |TAMS 0x000000008da00000, 0x000000008da00000| Untracked 
| 219|0x000000008db00000, 0x000000008db00000, 0x000000008dc00000|  0%| F|  |TAMS 0x000000008db00000, 0x000000008db00000| Untracked 
| 220|0x000000008dc00000, 0x000000008dc00000, 0x000000008dd00000|  0%| F|  |TAMS 0x000000008dc00000, 0x000000008dc00000| Untracked 
| 221|0x000000008dd00000, 0x000000008dd00000, 0x000000008de00000|  0%| F|  |TAMS 0x000000008dd00000, 0x000000008dd00000| Untracked 
| 222|0x000000008de00000, 0x000000008de00000, 0x000000008df00000|  0%| F|  |TAMS 0x000000008de00000, 0x000000008de00000| Untracked 
| 223|0x000000008df00000, 0x000000008df00000, 0x000000008e000000|  0%| F|  |TAMS 0x000000008df00000, 0x000000008df00000| Untracked 
| 224|0x000000008e000000, 0x000000008e000000, 0x000000008e100000|  0%| F|  |TAMS 0x000000008e000000, 0x000000008e000000| Untracked 
| 225|0x000000008e100000, 0x000000008e100000, 0x000000008e200000|  0%| F|  |TAMS 0x000000008e100000, 0x000000008e100000| Untracked 
| 226|0x000000008e200000, 0x000000008e2c21e8, 0x000000008e300000| 75%| E|  |TAMS 0x000000008e200000, 0x000000008e200000| Complete 
| 227|0x000000008e300000, 0x000000008e400000, 0x000000008e400000|100%| E|CS|TAMS 0x000000008e300000, 0x000000008e300000| Complete 
| 228|0x000000008e400000, 0x000000008e500000, 0x000000008e500000|100%| E|  |TAMS 0x000000008e400000, 0x000000008e400000| Complete 
| 229|0x000000008e500000, 0x000000008e600000, 0x000000008e600000|100%| E|CS|TAMS 0x000000008e500000, 0x000000008e500000| Complete 
| 230|0x000000008e600000, 0x000000008e700000, 0x000000008e700000|100%| E|CS|TAMS 0x000000008e600000, 0x000000008e600000| Complete 

Card table byte_map: [0x0000028458680000,0x0000028458a80000] _byte_map_base: 0x0000028458280000

Marking Bits (Prev, Next): (CMBitMap*) 0x00000284457c2c38, (CMBitMap*) 0x00000284457c2c70
 Prev Bits: [0x0000028458e80000, 0x000002845ae80000)
 Next Bits: [0x000002845ae80000, 0x000002845ce80000)

Polling page: 0x0000028444f60000

Metaspace:

Usage:
  Non-class:     94.26 MB capacity,    92.74 MB ( 98%) used,     1.22 MB (  1%) free+waste,   314.75 KB ( <1%) overhead. 
      Class:     14.17 MB capacity,    13.20 MB ( 93%) used,   855.94 KB (  6%) free+waste,   137.94 KB ( <1%) overhead. 
       Both:    108.43 MB capacity,   105.94 MB ( 98%) used,     2.05 MB (  2%) free+waste,   452.69 KB ( <1%) overhead. 

Virtual space:
  Non-class space:       96.00 MB reserved,      94.33 MB ( 98%) committed 
      Class space:        1.00 GB reserved,      14.25 MB (  1%) committed 
             Both:        1.09 GB reserved,     108.58 MB ( 10%) committed 

Chunk freelists:
   Non-Class:  8.00 KB
       Class:  16.00 KB
        Both:  24.00 KB

MaxMetaspaceSize: 17179869184.00 GB
CompressedClassSpaceSize: 1.00 GB

CodeHeap 'non-profiled nmethods': size=120064Kb used=9050Kb max_used=9050Kb free=111013Kb
 bounds [0x0000028450d40000, 0x0000028451620000, 0x0000028458280000]
CodeHeap 'profiled nmethods': size=120000Kb used=33214Kb max_used=33214Kb free=86785Kb
 bounds [0x0000028449810000, 0x000002844b880000, 0x0000028450d40000]
CodeHeap 'non-nmethods': size=5696Kb used=2343Kb max_used=2381Kb free=3352Kb
 bounds [0x0000028449280000, 0x00000284494f0000, 0x0000028449810000]
 total_blobs=15709 nmethods=14741 adapters=879
 compilation: enabled
              stopped_count=0, restarted_count=0
 full_count=0

Compilation events (20 events):
Event: 44.457 Thread 0x000002845fbdc800 14836       2       java.util.Arrays::binarySearch (9 bytes)
Event: 44.457 Thread 0x000002845fbdc800 nmethod 14836 0x000002844b873b90 code [0x000002844b873d40, 0x000002844b873e48]
Event: 44.457 Thread 0x000002845fbdc800 14837       2       java.util.Arrays::binarySearch0 (72 bytes)
Event: 44.457 Thread 0x000002845fbdc800 nmethod 14837 0x000002844b873f10 code [0x000002844b8740c0, 0x000002844b874278]
Event: 44.457 Thread 0x000002845fbdc800 14835       2       com.google.common.base.CharMatcher$AnyOf::matches (17 bytes)
Event: 44.457 Thread 0x000002845fbdc800 nmethod 14835 0x000002844b874390 code [0x000002844b874540, 0x000002844b874688]
Event: 44.457 Thread 0x000002845fbdc800 14839       2       com.google.common.collect.HashBiMap::inverse (28 bytes)
Event: 44.457 Thread 0x000002845fbdc800 nmethod 14839 0x000002844b874790 code [0x000002844b874940, 0x000002844b874b78]
Event: 44.457 Thread 0x000002845fbdc800 14838       2       com.google.common.collect.Maps::keyOrNull (15 bytes)
Event: 44.457 Thread 0x000002845fbdc800 nmethod 14838 0x000002844b874c10 code [0x000002844b874dc0, 0x000002844b874ee8]
Event: 44.457 Thread 0x000002845fbdc800 14840       1       com.google.common.collect.HashBiMap::access$700 (5 bytes)
Event: 44.457 Thread 0x000002845fbdc800 nmethod 14840 0x0000028451613c10 code [0x0000028451613dc0, 0x0000028451613e58]
Event: 44.460 Thread 0x000002845fbdc800 14841       2       org.gradle.internal.io.StreamByteBuffer$StreamByteBufferInputStream::read (8 bytes)
Event: 44.460 Thread 0x000002845fbdc800 nmethod 14841 0x000002844b874f90 code [0x000002844b875140, 0x000002844b875248]
Event: 44.469 Thread 0x000002845fbdc800 14842       1       org.apache.tools.zip.ZipFile::access$600 (5 bytes)
Event: 44.469 Thread 0x000002845fbdc800 nmethod 14842 0x0000028451613f10 code [0x00000284516140c0, 0x0000028451614158]
Event: 44.470 Thread 0x000002845fbdc800 14843       2       com.google.common.collect.Sets::newHashSetWithExpectedSize (12 bytes)
Event: 44.471 Thread 0x000002845fbdc800 nmethod 14843 0x000002844b875310 code [0x000002844b875520, 0x000002844b8757f8]
Event: 44.473 Thread 0x000002845fbdc800 14844       2       it.unimi.dsi.fastutil.ints.AbstractIntCollection::<init> (5 bytes)
Event: 44.473 Thread 0x000002845fbdc800 nmethod 14844 0x000002844b875910 code [0x000002844b875ac0, 0x000002844b875bb8]

GC Heap History (20 events):
Event: 6.559 GC heap before
{Heap before GC invocations=10 (full 0):
 garbage-first heap   total 196608K, used 123351K [0x0000000080000000, 0x0000000100000000)
  region size 1024K, 102 young (104448K), 11 survivors (11264K)
 Metaspace       used 47670K, capacity 48867K, committed 49104K, reserved 1091584K
  class space    used 6093K, capacity 6541K, committed 6656K, reserved 1048576K
}
Event: 6.574 GC heap after
{Heap after GC invocations=11 (full 0):
 garbage-first heap   total 236544K, used 33492K [0x0000000080000000, 0x0000000100000000)
  region size 1024K, 10 young (10240K), 10 survivors (10240K)
 Metaspace       used 47670K, capacity 48867K, committed 49104K, reserved 1091584K
  class space    used 6093K, capacity 6541K, committed 6656K, reserved 1048576K
}
Event: 8.782 GC heap before
{Heap before GC invocations=11 (full 0):
 garbage-first heap   total 236544K, used 143060K [0x0000000080000000, 0x0000000100000000)
  region size 1024K, 110 young (112640K), 10 survivors (10240K)
 Metaspace       used 58755K, capacity 60076K, committed 60240K, reserved 1101824K
  class space    used 7420K, capacity 7952K, committed 8064K, reserved 1048576K
}
Event: 8.801 GC heap after
{Heap after GC invocations=12 (full 0):
 garbage-first heap   total 236544K, used 53651K [0x0000000080000000, 0x0000000100000000)
  region size 1024K, 15 young (15360K), 15 survivors (15360K)
 Metaspace       used 58755K, capacity 60076K, committed 60240K, reserved 1101824K
  class space    used 7420K, capacity 7952K, committed 8064K, reserved 1048576K
}
Event: 10.187 GC heap before
{Heap before GC invocations=13 (full 0):
 garbage-first heap   total 236544K, used 161171K [0x0000000080000000, 0x0000000100000000)
  region size 1024K, 120 young (122880K), 15 survivors (15360K)
 Metaspace       used 68144K, capacity 69655K, committed 69972K, reserved 1110016K
  class space    used 8592K, capacity 9144K, committed 9216K, reserved 1048576K
}
Event: 10.218 GC heap after
{Heap after GC invocations=14 (full 0):
 garbage-first heap   total 236544K, used 62709K [0x0000000080000000, 0x0000000100000000)
  region size 1024K, 9 young (9216K), 9 survivors (9216K)
 Metaspace       used 68144K, capacity 69655K, committed 69972K, reserved 1110016K
  class space    used 8592K, capacity 9144K, committed 9216K, reserved 1048576K
}
Event: 11.732 GC heap before
{Heap before GC invocations=15 (full 0):
 garbage-first heap   total 236544K, used 171253K [0x0000000080000000, 0x0000000100000000)
  region size 1024K, 115 young (117760K), 9 survivors (9216K)
 Metaspace       used 76834K, capacity 78495K, committed 78548K, reserved 1118208K
  class space    used 9913K, capacity 10581K, committed 10624K, reserved 1048576K
}
Event: 11.746 GC heap after
{Heap after GC invocations=16 (full 0):
 garbage-first heap   total 236544K, used 69996K [0x0000000080000000, 0x0000000100000000)
  region size 1024K, 8 young (8192K), 8 survivors (8192K)
 Metaspace       used 76834K, capacity 78495K, committed 78548K, reserved 1118208K
  class space    used 9913K, capacity 10581K, committed 10624K, reserved 1048576K
}
Event: 13.163 GC heap before
{Heap before GC invocations=16 (full 0):
 garbage-first heap   total 236544K, used 177516K [0x0000000080000000, 0x0000000100000000)
  region size 1024K, 114 young (116736K), 8 survivors (8192K)
 Metaspace       used 86559K, capacity 88573K, committed 88660K, reserved 1126400K
  class space    used 11180K, capacity 11976K, committed 12032K, reserved 1048576K
}
Event: 13.179 GC heap after
{Heap after GC invocations=17 (full 0):
 garbage-first heap   total 236544K, used 78848K [0x0000000080000000, 0x0000000100000000)
  region size 1024K, 15 young (15360K), 15 survivors (15360K)
 Metaspace       used 86559K, capacity 88573K, committed 88660K, reserved 1126400K
  class space    used 11180K, capacity 11976K, committed 12032K, reserved 1048576K
}
Event: 14.503 GC heap before
{Heap before GC invocations=17 (full 0):
 garbage-first heap   total 236544K, used 199680K [0x0000000080000000, 0x0000000100000000)
  region size 1024K, 117 young (119808K), 15 survivors (15360K)
 Metaspace       used 89844K, capacity 91883K, committed 92116K, reserved 1128448K
  class space    used 11534K, capacity 12336K, committed 12416K, reserved 1048576K
}
Event: 14.520 GC heap after
{Heap after GC invocations=18 (full 0):
 garbage-first heap   total 236544K, used 83067K [0x0000000080000000, 0x0000000100000000)
  region size 1024K, 4 young (4096K), 4 survivors (4096K)
 Metaspace       used 89844K, capacity 91883K, committed 92116K, reserved 1128448K
  class space    used 11534K, capacity 12336K, committed 12416K, reserved 1048576K
}
Event: 15.865 GC heap before
{Heap before GC invocations=18 (full 0):
 garbage-first heap   total 236544K, used 185467K [0x0000000080000000, 0x0000000100000000)
  region size 1024K, 106 young (108544K), 4 survivors (4096K)
 Metaspace       used 94192K, capacity 96305K, committed 96468K, reserved 1132544K
  class space    used 12006K, capacity 12819K, committed 12928K, reserved 1048576K
}
Event: 15.875 GC heap after
{Heap after GC invocations=19 (full 0):
 garbage-first heap   total 236544K, used 88187K [0x0000000080000000, 0x0000000100000000)
  region size 1024K, 9 young (9216K), 9 survivors (9216K)
 Metaspace       used 94192K, capacity 96305K, committed 96468K, reserved 1132544K
  class space    used 12006K, capacity 12819K, committed 12928K, reserved 1048576K
}
Event: 20.087 GC heap before
{Heap before GC invocations=19 (full 0):
 garbage-first heap   total 236544K, used 188539K [0x0000000080000000, 0x0000000100000000)
  region size 1024K, 108 young (110592K), 9 survivors (9216K)
 Metaspace       used 97104K, capacity 99260K, committed 99284K, reserved 1136640K
  class space    used 12330K, capacity 13163K, committed 13184K, reserved 1048576K
}
Event: 20.100 GC heap after
{Heap after GC invocations=20 (full 0):
 garbage-first heap   total 236544K, used 94569K [0x0000000080000000, 0x0000000100000000)
  region size 1024K, 12 young (12288K), 12 survivors (12288K)
 Metaspace       used 97104K, capacity 99260K, committed 99284K, reserved 1136640K
  class space    used 12330K, capacity 13163K, committed 13184K, reserved 1048576K
}
Event: 30.958 GC heap before
{Heap before GC invocations=20 (full 0):
 garbage-first heap   total 236544K, used 189801K [0x0000000080000000, 0x0000000100000000)
  region size 1024K, 106 young (108544K), 12 survivors (12288K)
 Metaspace       used 105110K, capacity 107487K, committed 107604K, reserved 1142784K
  class space    used 13163K, capacity 14040K, committed 14080K, reserved 1048576K
}
Event: 30.974 GC heap after
{Heap after GC invocations=21 (full 0):
 garbage-first heap   total 236544K, used 99073K [0x0000000080000000, 0x0000000100000000)
  region size 1024K, 11 young (11264K), 11 survivors (11264K)
 Metaspace       used 105110K, capacity 107487K, committed 107604K, reserved 1142784K
  class space    used 13163K, capacity 14040K, committed 14080K, reserved 1048576K
}
Event: 44.422 GC heap before
{Heap before GC invocations=21 (full 0):
 garbage-first heap   total 236544K, used 191233K [0x0000000080000000, 0x0000000100000000)
  region size 1024K, 102 young (104448K), 11 survivors (11264K)
 Metaspace       used 108437K, capacity 111031K, committed 111188K, reserved 1146880K
  class space    used 13514K, capacity 14510K, committed 14592K, reserved 1048576K
}
Event: 44.445 GC heap after
{Heap after GC invocations=22 (full 0):
 garbage-first heap   total 236544K, used 106388K [0x0000000080000000, 0x0000000100000000)
  region size 1024K, 13 young (13312K), 13 survivors (13312K)
 Metaspace       used 108437K, capacity 111031K, committed 111188K, reserved 1146880K
  class space    used 13514K, capacity 14510K, committed 14592K, reserved 1048576K
}

Deoptimization events (20 events):
Event: 44.194 Thread 0x0000028468e2b800 Uncommon trap: trap_request=0xffffff4d fr.pc=0x000002845116bae0 relative=0x00000000000000a0
Event: 44.194 Thread 0x0000028468e2b800 Uncommon trap: reason=unstable_if action=reinterpret pc=0x000002845116bae0 method=org.objectweb.asm.AnnotationWriter.putAnnotations(Lorg/objectweb/asm/SymbolTable;Lorg/objectweb/asm/AnnotationWriter;Lorg/objectweb/asm/AnnotationWriter;Lorg/objectweb/asm/A
Event: 44.194 Thread 0x0000028468e2b800 DEOPT PACKING pc=0x000002845116bae0 sp=0x0000009ad0cfb5c0
Event: 44.194 Thread 0x0000028468e2b800 DEOPT UNPACKING pc=0x00000284492a662f sp=0x0000009ad0cfb550 mode 2
Event: 44.306 Thread 0x0000028468e29000 Uncommon trap: trap_request=0xffffff4d fr.pc=0x00000284513c5d60 relative=0x00000000000004a0
Event: 44.306 Thread 0x0000028468e29000 Uncommon trap: reason=unstable_if action=reinterpret pc=0x00000284513c5d60 method=org.gradle.internal.io.StreamByteBuffer$StreamByteBufferInputStream.readImpl([BII)I @ 49 c2
Event: 44.306 Thread 0x0000028468e29000 DEOPT PACKING pc=0x00000284513c5d60 sp=0x0000009ad15fe0d0
Event: 44.306 Thread 0x0000028468e29000 DEOPT UNPACKING pc=0x00000284492a662f sp=0x0000009ad15fe000 mode 2
Event: 44.382 Thread 0x0000028468e29800 Uncommon trap: trap_request=0xffffff4d fr.pc=0x00000284515f93e4 relative=0x0000000000001824
Event: 44.382 Thread 0x0000028468e29800 Uncommon trap: reason=unstable_if action=reinterpret pc=0x00000284515f93e4 method=org.objectweb.asm.ClassReader.readField(Lorg/objectweb/asm/ClassVisitor;Lorg/objectweb/asm/Context;I)I @ 115 c2
Event: 44.382 Thread 0x0000028468e29800 DEOPT PACKING pc=0x00000284515f93e4 sp=0x0000009ad17fd240
Event: 44.382 Thread 0x0000028468e29800 DEOPT UNPACKING pc=0x00000284492a662f sp=0x0000009ad17fd1c8 mode 2
Event: 44.382 Thread 0x0000028468e29800 Uncommon trap: trap_request=0xffffff4d fr.pc=0x00000284515f2274 relative=0x0000000000000154
Event: 44.382 Thread 0x0000028468e29800 Uncommon trap: reason=unstable_if action=reinterpret pc=0x00000284515f2274 method=org.objectweb.asm.FieldVisitor.<init>(ILorg/objectweb/asm/FieldVisitor;)V @ 13 c2
Event: 44.382 Thread 0x0000028468e29800 DEOPT PACKING pc=0x00000284515f2274 sp=0x0000009ad17fcfc0
Event: 44.382 Thread 0x0000028468e29800 DEOPT UNPACKING pc=0x00000284492a662f sp=0x0000009ad17fcf60 mode 2
Event: 44.382 Thread 0x0000028468e29800 Uncommon trap: trap_request=0xffffff4d fr.pc=0x000002845116de74 relative=0x00000000000002b4
Event: 44.382 Thread 0x0000028468e29800 Uncommon trap: reason=unstable_if action=reinterpret pc=0x000002845116de74 method=org.objectweb.asm.Type.getTypeInternal(Ljava/lang/String;II)Lorg/objectweb/asm/Type; @ 5 c2
Event: 44.382 Thread 0x0000028468e29800 DEOPT PACKING pc=0x000002845116de74 sp=0x0000009ad17fcf40
Event: 44.382 Thread 0x0000028468e29800 DEOPT UNPACKING pc=0x00000284492a662f sp=0x0000009ad17fcf10 mode 2

Classes redefined (0 events):
No events

Internal exceptions (20 events):
Event: 31.624 Thread 0x0000028463153800 Exception <a 'sun/nio/fs/WindowsException'{0x000000008ce602d0}> (0x000000008ce602d0) thrown at [./src/hotspot/share/prims/jni.cpp, line 615]
Event: 33.670 Thread 0x0000028468e2b800 Exception <a 'java/lang/NoSuchMethodError'{0x000000008b7f6eb0}: <clinit>> (0x000000008b7f6eb0) thrown at [./src/hotspot/share/prims/jni.cpp, line 1362]
Event: 33.670 Thread 0x0000028468e2b800 Exception <a 'java/lang/NoSuchMethodError'{0x000000008b6093f8}: <clinit>> (0x000000008b6093f8) thrown at [./src/hotspot/share/prims/jni.cpp, line 1362]
Event: 33.682 Thread 0x0000028468e2b800 Exception <a 'java/lang/NoSuchMethodError'{0x000000008b6b1c18}: 'java.lang.Object java.lang.invoke.DirectMethodHandle$Holder.invokeSpecial(java.lang.Object, java.lang.Object, int, int, java.lang.Object, int, java.lang.Object, java.lang.Object)'> (0x000000008b6b1c18) thrown at [./src/hotspot/share/interpreter/linkResolver.cpp, line 773]
Event: 33.682 Thread 0x0000028468e2b800 Exception <a 'java/lang/NoSuchMethodError'{0x000000008b6b5fa0}: 'java.lang.Object java.lang.invoke.DelegatingMethodHandle$Holder.reinvoke_L(java.lang.Object, int, int, java.lang.Object, int, java.lang.Object, java.lang.Object)'> (0x000000008b6b5fa0) thrown at [./src/hotspot/share/interpreter/linkResolver.cpp, line 773]
Event: 33.684 Thread 0x0000028468e2b800 Exception <a 'java/lang/NoSuchMethodError'{0x000000008b6e1e18}: 'java.lang.Object java.lang.invoke.DirectMethodHandle$Holder.invokeStatic(java.lang.Object, java.lang.Object, java.lang.Object, java.lang.Object, java.lang.Object, java.lang.Object, java.lang.Object, java.lang.Object, int)'> (0x000000008b6e1e18) thrown at [./src/hotspot/share/interpreter/linkResolver.cpp, line 773]
Event: 33.685 Thread 0x0000028468e2b800 Exception <a 'java/lang/NoSuchMethodError'{0x000000008b6fd590}: 'java.lang.Object java.lang.invoke.DirectMethodHandle$Holder.invokeStatic(java.lang.Object, java.lang.Object, java.lang.Object, java.lang.Object, java.lang.Object, java.lang.Object, java.lang.Object, java.lang.Object, int, int)'> (0x000000008b6fd590) thrown at [./src/hotspot/share/interpreter/linkResolver.cpp, line 773]
Event: 33.686 Thread 0x0000028468e2b800 Exception <a 'java/lang/NoSuchMethodError'{0x000000008b51a4e8}: 'java.lang.Object java.lang.invoke.DirectMethodHandle$Holder.invokeStatic(java.lang.Object, java.lang.Object, java.lang.Object, java.lang.Object, java.lang.Object, java.lang.Object, java.lang.Object, java.lang.Object, int, int, java.lang.Object)'> (0x000000008b51a4e8) thrown at [./src/hotspot/share/interpreter/linkResolver.cpp, line 773]
Event: 33.687 Thread 0x0000028468e2b800 Exception <a 'java/lang/NoSuchMethodError'{0x000000008b538bf8}: 'java.lang.Object java.lang.invoke.DirectMethodHandle$Holder.invokeStatic(java.lang.Object, java.lang.Object, java.lang.Object, java.lang.Object, java.lang.Object, java.lang.Object, java.lang.Object, java.lang.Object, int, int, java.lang.Object, java.lang.Object)'> (0x000000008b538bf8) thrown at [./src/hotspot/share/interpreter/linkResolver.cpp, line 773]
Event: 33.695 Thread 0x0000028468e2b800 Exception <a 'java/lang/NoSuchMethodError'{0x000000008b56c748}: <clinit>> (0x000000008b56c748) thrown at [./src/hotspot/share/prims/jni.cpp, line 1362]
Event: 33.698 Thread 0x0000028468e2b800 Exception <a 'java/lang/NoSuchMethodError'{0x000000008b59f9f0}: <clinit>> (0x000000008b59f9f0) thrown at [./src/hotspot/share/prims/jni.cpp, line 1362]
Event: 33.709 Thread 0x0000028468e2d000 Exception <a 'java/lang/InterruptedException'{0x000000008b5b9e58}> (0x000000008b5b9e58) thrown at [./src/hotspot/share/runtime/objectMonitor.cpp, line 1635]
Event: 33.710 Thread 0x0000028468e2d000 Exception <a 'java/lang/NoSuchMethodError'{0x000000008b5c1c68}: 'java.lang.Object java.lang.invoke.DirectMethodHandle$Holder.invokeStatic(java.lang.Object, java.lang.Object, int, java.lang.Object, long)'> (0x000000008b5c1c68) thrown at [./src/hotspot/share/interpreter/linkResolver.cpp, line 773]
Event: 33.722 Thread 0x0000028468e2b800 Exception <a 'java/lang/NoSuchMethodError'{0x000000008b5fcd60}: <clinit>> (0x000000008b5fcd60) thrown at [./src/hotspot/share/prims/jni.cpp, line 1362]
Event: 33.722 Thread 0x0000028468e2b800 Exception <a 'java/lang/NoSuchMethodError'{0x000000008b40f5b8}: <clinit>> (0x000000008b40f5b8) thrown at [./src/hotspot/share/prims/jni.cpp, line 1362]
Event: 33.723 Thread 0x0000028468e2b800 Exception <a 'java/lang/NoSuchMethodError'{0x000000008b421890}: <clinit>> (0x000000008b421890) thrown at [./src/hotspot/share/prims/jni.cpp, line 1362]
Event: 33.728 Thread 0x0000028468e2b800 Exception <a 'java/lang/NoSuchMethodError'{0x000000008b447a20}: <clinit>> (0x000000008b447a20) thrown at [./src/hotspot/share/prims/jni.cpp, line 1362]
Event: 33.747 Thread 0x0000028468e2b800 Exception <a 'java/lang/NoSuchMethodError'{0x000000008b3b1e40}: <clinit>> (0x000000008b3b1e40) thrown at [./src/hotspot/share/prims/jni.cpp, line 1362]
Event: 33.900 Thread 0x0000028468e2e800 Exception <a 'java/lang/NoSuchMethodError'{0x000000008b189388}: 'java.lang.Object java.lang.invoke.DirectMethodHandle$Holder.invokeStatic(java.lang.Object, java.lang.Object, java.lang.Object, java.lang.Object, java.lang.Object, java.lang.Object, java.lang.Object, java.lang.Object, java.lang.Object, java.lang.Object, java.lang.Object, java.lang.Object, java.lang.Object, int)'> (0x000000008b189388) thrown at [./src/hotspot/share/interpreter/linkResolver.cpp, line 773]
Event: 33.901 Thread 0x0000028468e2e800 Exception <a 'java/lang/NoSuchMethodError'{0x000000008b196088}: 'java.lang.Object java.lang.invoke.DirectMethodHandle$Holder.invokeStatic(java.lang.Object, java.lang.Object, java.lang.Object, java.lang.Object, java.lang.Object, java.lang.Object, java.lang.Object, java.lang.Object, java.lang.Object, java.lang.Object, java.lang.Object, java.lang.Object, java.lang.Object, int, int)'> (0x000000008b196088) thrown at [./src/hotspot/share/interpreter/linkResolver.cpp, line 773]

Events (20 events):
Event: 44.447 Executing VM operation: RevokeBias done
Event: 44.447 Executing VM operation: RevokeBias
Event: 44.447 Executing VM operation: RevokeBias done
Event: 44.448 Executing VM operation: RevokeBias
Event: 44.448 Executing VM operation: RevokeBias done
Event: 44.448 Executing VM operation: BulkRevokeBias
Event: 44.451 Executing VM operation: BulkRevokeBias done
Event: 44.452 loading class sun/rmi/transport/DGCClient$EndpointEntry$CleanRequest
Event: 44.452 loading class sun/rmi/transport/DGCClient$EndpointEntry$CleanRequest done
Event: 44.454 Executing VM operation: RevokeBias
Event: 44.454 Executing VM operation: RevokeBias done
Event: 44.454 Thread 0x0000028468e2d000 Thread exited: 0x0000028468e2d000
Event: 44.455 loading class org/gradle/api/internal/tasks/compile/incremental/serialization/HierarchicalNameSerializer
Event: 44.455 loading class org/gradle/api/internal/tasks/compile/incremental/serialization/HierarchicalNameSerializer done
Event: 44.455 loading class org/gradle/api/internal/tasks/compile/incremental/serialization/HierarchicalNameSerializer
Event: 44.455 loading class org/gradle/api/internal/tasks/compile/incremental/serialization/HierarchicalNameSerializer done
Event: 44.455 loading class com/google/common/collect/HashBiMap$Inverse
Event: 44.455 loading class com/google/common/collect/HashBiMap$Inverse done
Event: 44.457 loading class it/unimi/dsi/fastutil/ints/IntOpenHashSet$SetIterator
Event: 44.457 loading class it/unimi/dsi/fastutil/ints/IntOpenHashSet$SetIterator done


Dynamic libraries:
0x00007ff7b54b0000 - 0x00007ff7b54ba000 	C:\Program Files\Android\Android Studio\jre\bin\java.exe
0x00007ffc4e180000 - 0x00007ffc4e389000 	C:\WINDOWS\SYSTEM32\ntdll.dll
0x00007ffc4cee0000 - 0x00007ffc4cf9d000 	C:\WINDOWS\System32\KERNEL32.DLL
0x00007ffc4b880000 - 0x00007ffc4bbf9000 	C:\WINDOWS\System32\KERNELBASE.dll
0x00007ffc4b6f0000 - 0x00007ffc4b801000 	C:\WINDOWS\System32\ucrtbase.dll
0x00007ffc34b20000 - 0x00007ffc34b39000 	C:\Program Files\Android\Android Studio\jre\bin\jli.dll
0x00007ffc4dcf0000 - 0x00007ffc4de9c000 	C:\WINDOWS\System32\USER32.dll
0x00007ffc4bca0000 - 0x00007ffc4bcc6000 	C:\WINDOWS\System32\win32u.dll
0x00007ffc4c020000 - 0x00007ffc4c049000 	C:\WINDOWS\System32\GDI32.dll
0x00007ffc4bf00000 - 0x00007ffc4c012000 	C:\WINDOWS\System32\gdi32full.dll
0x00007ffc4bc00000 - 0x00007ffc4bc9d000 	C:\WINDOWS\System32\msvcp_win.dll
0x00007ffc34b00000 - 0x00007ffc34b17000 	C:\Program Files\Android\Android Studio\jre\bin\VCRUNTIME140.dll
0x00007ffc36a00000 - 0x00007ffc36ca5000 	C:\WINDOWS\WinSxS\amd64_microsoft.windows.common-controls_6595b64144ccf1df_6.0.22000.120_none_9d947278b86cc467\COMCTL32.dll
0x00007ffc4cfa0000 - 0x00007ffc4d043000 	C:\WINDOWS\System32\msvcrt.dll
0x00007ffc4d490000 - 0x00007ffc4d4c1000 	C:\WINDOWS\System32\IMM32.DLL
0x00007ffc14a60000 - 0x00007ffc14afd000 	C:\Program Files\Android\Android Studio\jre\bin\msvcp140.dll
0x00007ffbd80a0000 - 0x00007ffbd8b75000 	C:\Program Files\Android\Android Studio\jre\bin\server\jvm.dll
0x00007ffc4d060000 - 0x00007ffc4d10e000 	C:\WINDOWS\System32\ADVAPI32.dll
0x00007ffc4cc90000 - 0x00007ffc4cd2e000 	C:\WINDOWS\System32\sechost.dll
0x00007ffc4dea0000 - 0x00007ffc4dfc0000 	C:\WINDOWS\System32\RPCRT4.dll
0x00007ffc4d050000 - 0x00007ffc4d058000 	C:\WINDOWS\System32\PSAPI.DLL
0x00007ffc31d10000 - 0x00007ffc31d19000 	C:\WINDOWS\SYSTEM32\WSOCK32.dll
0x00007ffc4d4d0000 - 0x00007ffc4d53f000 	C:\WINDOWS\System32\WS2_32.dll
0x00007ffc46740000 - 0x00007ffc46773000 	C:\WINDOWS\SYSTEM32\WINMM.dll
0x00007ffc44500000 - 0x00007ffc4450a000 	C:\WINDOWS\SYSTEM32\VERSION.dll
0x00007ffc4a770000 - 0x00007ffc4a788000 	C:\WINDOWS\SYSTEM32\kernel.appcore.dll
0x00007ffc46ea0000 - 0x00007ffc46eb1000 	C:\Program Files\Android\Android Studio\jre\bin\verify.dll
0x00007ffc3aa40000 - 0x00007ffc3ac61000 	C:\WINDOWS\SYSTEM32\DBGHELP.DLL
0x00007ffc33e90000 - 0x00007ffc33ec1000 	C:\WINDOWS\SYSTEM32\dbgcore.DLL
0x00007ffc4b670000 - 0x00007ffc4b6ef000 	C:\WINDOWS\System32\bcryptPrimitives.dll
0x00007ffc381a0000 - 0x00007ffc381c9000 	C:\Program Files\Android\Android Studio\jre\bin\java.dll
0x00007ffc47ba0000 - 0x00007ffc47bab000 	C:\Program Files\Android\Android Studio\jre\bin\jimage.dll
0x00007ffc3a6d0000 - 0x00007ffc3a6e8000 	C:\Program Files\Android\Android Studio\jre\bin\zip.dll
0x00007ffc4d540000 - 0x00007ffc4dcef000 	C:\WINDOWS\System32\SHELL32.dll
0x00007ffc497e0000 - 0x00007ffc4a048000 	C:\WINDOWS\SYSTEM32\windows.storage.dll
0x00007ffc4d110000 - 0x00007ffc4d488000 	C:\WINDOWS\System32\combase.dll
0x00007ffc49670000 - 0x00007ffc497d6000 	C:\WINDOWS\SYSTEM32\wintypes.dll
0x00007ffc4caa0000 - 0x00007ffc4cb8a000 	C:\WINDOWS\System32\SHCORE.dll
0x00007ffc4ce80000 - 0x00007ffc4cedd000 	C:\WINDOWS\System32\shlwapi.dll
0x00007ffc4b5a0000 - 0x00007ffc4b5c1000 	C:\WINDOWS\SYSTEM32\profapi.dll
0x00007ffc34c10000 - 0x00007ffc34c2a000 	C:\Program Files\Android\Android Studio\jre\bin\net.dll
0x00007ffc45360000 - 0x00007ffc4546c000 	C:\WINDOWS\SYSTEM32\WINHTTP.dll
0x00007ffc4aba0000 - 0x00007ffc4ac07000 	C:\WINDOWS\system32\mswsock.dll
0x00007ffc34b60000 - 0x00007ffc34b74000 	C:\Program Files\Android\Android Studio\jre\bin\nio.dll
0x00007ffc369d0000 - 0x00007ffc369f7000 	C:\Users\worker\.gradle\native\e1d6ef7f7dcc3fd88c89a11ec53ec762bb8ba0a96d01ffa2cd45eb1d1d8dd5c5\windows-amd64\native-platform.dll
0x00007ffc06380000 - 0x00007ffc064c4000 	C:\Users\worker\.gradle\native\5664cfc778a61ccfe75a443a1ab52a65af34e5dc3c78e0209fed803814484fcb\windows-amd64\native-platform-file-events.dll
0x00007ffc46e90000 - 0x00007ffc46e9a000 	C:\Program Files\Android\Android Studio\jre\bin\management.dll
0x00007ffc38230000 - 0x00007ffc3823d000 	C:\Program Files\Android\Android Studio\jre\bin\management_ext.dll
0x00007ffc4ade0000 - 0x00007ffc4adf8000 	C:\WINDOWS\SYSTEM32\CRYPTSP.dll
0x00007ffc4a6d0000 - 0x00007ffc4a705000 	C:\WINDOWS\system32\rsaenh.dll
0x00007ffc4ac90000 - 0x00007ffc4acb9000 	C:\WINDOWS\SYSTEM32\USERENV.dll
0x00007ffc4afd0000 - 0x00007ffc4aff7000 	C:\WINDOWS\SYSTEM32\bcrypt.dll
0x00007ffc4ae00000 - 0x00007ffc4ae0c000 	C:\WINDOWS\SYSTEM32\CRYPTBASE.dll
0x00007ffc4a2a0000 - 0x00007ffc4a2cd000 	C:\WINDOWS\SYSTEM32\IPHLPAPI.DLL
0x00007ffc4c660000 - 0x00007ffc4c669000 	C:\WINDOWS\System32\NSI.dll
0x00007ffc45310000 - 0x00007ffc45329000 	C:\WINDOWS\SYSTEM32\dhcpcsvc6.DLL
0x00007ffc46700000 - 0x00007ffc4671e000 	C:\WINDOWS\SYSTEM32\dhcpcsvc.DLL
0x00007ffc4a310000 - 0x00007ffc4a3f8000 	C:\WINDOWS\SYSTEM32\DNSAPI.dll
0x00007ffc48e10000 - 0x00007ffc48e44000 	C:\WINDOWS\SYSTEM32\ntmarta.dll
0x00007ffc2dba0000 - 0x00007ffc2dbbe000 	C:\Users\worker\AppData\Local\Temp\native-platform8443695543157728455dir\native-platform.dll
0x00007ffc38240000 - 0x00007ffc38248000 	C:\Program Files\Android\Android Studio\jre\bin\rmi.dll

dbghelp: loaded successfully - version: 4.0.5 - missing functions: none
symbol engine: initialized successfully - sym options: 0x614 - pdb path: .;C:\Program Files\Android\Android Studio\jre\bin;C:\WINDOWS\SYSTEM32;C:\WINDOWS\WinSxS\amd64_microsoft.windows.common-controls_6595b64144ccf1df_6.0.22000.120_none_9d947278b86cc467;C:\Program Files\Android\Android Studio\jre\bin\server;C:\Users\worker\.gradle\native\e1d6ef7f7dcc3fd88c89a11ec53ec762bb8ba0a96d01ffa2cd45eb1d1d8dd5c5\windows-amd64;C:\Users\worker\.gradle\native\5664cfc778a61ccfe75a443a1ab52a65af34e5dc3c78e0209fed803814484fcb\windows-amd64;C:\Users\worker\AppData\Local\Temp\native-platform8443695543157728455dir

VM Arguments:
jvm_args: --add-opens=java.base/java.util=ALL-UNNAMED --add-opens=java.base/java.lang=ALL-UNNAMED --add-opens=java.base/java.lang.invoke=ALL-UNNAMED --add-opens=java.base/java.util=ALL-UNNAMED --add-opens=java.prefs/java.util.prefs=ALL-UNNAMED --add-opens=java.prefs/java.util.prefs=ALL-UNNAMED --add-opens=java.base/java.nio.charset=ALL-UNNAMED --add-opens=java.base/java.net=ALL-UNNAMED --add-opens=java.base/java.util.concurrent.atomic=ALL-UNNAMED -Xmx2048m -Dfile.encoding=UTF-8 -Duser.country=RU -Duser.language=ru -Duser.variant 
java_command: org.gradle.launcher.daemon.bootstrap.GradleDaemon 7.2
java_class_path (initial): C:\Users\worker\.gradle\wrapper\dists\gradle-7.2-bin\2dnblmf4td7x66yl1d74lt32g\gradle-7.2\lib\gradle-launcher-7.2.jar
Launcher Type: SUN_STANDARD

[Global flags]
     intx CICompilerCount                          = 3                                         {product} {ergonomic}
     uint ConcGCThreads                            = 1                                         {product} {ergonomic}
     uint G1ConcRefinementThreads                  = 4                                         {product} {ergonomic}
   size_t G1HeapRegionSize                         = 1048576                                   {product} {ergonomic}
    uintx GCDrainStackTargetSize                   = 64                                        {product} {ergonomic}
   size_t InitialHeapSize                          = 201326592                                 {product} {ergonomic}
   size_t MarkStackSize                            = 4194304                                   {product} {ergonomic}
   size_t MaxHeapSize                              = 2147483648                                {product} {command line}
   size_t MaxNewSize                               = 1287651328                                {product} {ergonomic}
   size_t MinHeapDeltaBytes                        = 1048576                                   {product} {ergonomic}
    uintx NonNMethodCodeHeapSize                   = 5830732                                {pd product} {ergonomic}
    uintx NonProfiledCodeHeapSize                  = 122913754                              {pd product} {ergonomic}
    uintx ProfiledCodeHeapSize                     = 122913754                              {pd product} {ergonomic}
    uintx ReservedCodeCacheSize                    = 251658240                              {pd product} {ergonomic}
     bool SegmentedCodeCache                       = true                                      {product} {ergonomic}
     bool UseCompressedClassPointers               = true                                 {lp64_product} {ergonomic}
     bool UseCompressedOops                        = true                                 {lp64_product} {ergonomic}
     bool UseG1GC                                  = true                                      {product} {ergonomic}
     bool UseLargePagesIndividualAllocation        = false                                  {pd product} {ergonomic}

Logging:
Log output configuration:
 #0: stdout all=warning uptime,level,tags
 #1: stderr all=off uptime,level,tags

Environment Variables:
PATH=C:\Program Files (x86)\Common Files\Intel\Shared Libraries\redist\intel64\compiler;C:\Program Files\Microsoft MPI\Bin\;C:\Program Files (x86)\Common Files\Oracle\Java\javapath;C:\Program Files (x86)\Intel\iCLS Client\;C:\Program Files\Intel\iCLS Client\;C:\Windows\system32;C:\Windows;C:\Windows\System32\Wbem;C:\Windows\System32\WindowsPowerShell\v1.0\;C:\Program Files (x86)\Intel\Intel(R) Management Engine Components\DAL;C:\Program Files\Intel\Intel(R) Management Engine Components\DAL;C:\Program Files (x86)\Intel\Intel(R) Management Engine Components\IPT;C:\Program Files\Intel\Intel(R) Management Engine Components\IPT;C:\Program Files (x86)\NVIDIA Corporation\PhysX\Common;C:\WINDOWS\system32;C:\WINDOWS;C:\WINDOWS\System32\Wbem;C:\WINDOWS\System32\WindowsPowerShell\v1.0\;C:\WINDOWS\System32\OpenSSH\;C:\Program Files\NVIDIA Corporation\NVIDIA NvDLISR;C:\Program Files\Microsoft SQL Server\Client SDK\ODBC\170\Tools\Binn\;C:\Program Files (x86)\Microsoft SQL Server\150\Tools\Binn\;C:\Program Files\Microsoft SQL Server\150\Tools\Binn\;C:\Program Files\Microsoft SQL Server\150\DTS\Binn\;C:\Program Files (x86)\Microsoft SQL Server\150\DTS\Binn\;C:\Program Files\Azure Data Studio\bin;C:\Program Files\Microsoft SQL Server\130\Tools\Binn\;C:\Program Files\PuTTY\;C:\Program Files\dotnet\;C:\$GetCurrent\Git\cmd;D:\Program\nxNew\CAPITALINTEGRATION\capitalnxremote\;C:\Program Files (x86)\dotnet\;C:\Users\worker\AppData\Local\Microsoft\WindowsApps;C:\Users\worker\.dotnet\tools;D:\Program\Microsoft VS Code\bin;C:\Users\worker\AppData\Local\GitHubDesktop\bin
USERNAME=worker
OS=Windows_NT
PROCESSOR_IDENTIFIER=Intel64 Family 6 Model 158 Stepping 9, GenuineIntel



---------------  S Y S T E M  ---------------

OS: Windows 10 , 64 bit Build 22000 (10.0.22000.675)
OS uptime: 0 days 4:57 hours

CPU:total 4 (initial active 4) (4 cores per cpu, 1 threads per core) family 6 model 158 stepping 9 microcode 0xde, cmov, cx8, fxsr, mmx, sse, sse2, sse3, ssse3, sse4.1, sse4.2, popcnt, avx, avx2, aes, clmul, erms, 3dnowpref, lzcnt, tsc, tscinvbit, bmi1, bmi2, adx, fma

Memory: 4k page, system-wide physical 12171M (772M free)
TotalPageFile size 16267M (AvailPageFile size 6M)
current process WorkingSet (physical memory assigned to process): 527M, peak: 540M
current process commit charge ("private bytes"): 563M, peak: 574M

vm_info: OpenJDK 64-Bit Server VM (11.0.11+9-b60-7590822) for windows-amd64 JRE (11.0.11+9-b60-7590822), built on Jul 29 2021 21:43:44 by "builder" with MS VC++ 14.0 (VS2015)

END.
